TN:
SF:/Users/girish.prajapati/MyDriveTwo/ui/src/main/webapp/js/config.js
FNF:0
FNH:0
DA:2,87
LF:1
LH:1
BRDA:3,0,0,87
BRDA:3,0,1,0
BRDA:3,1,0,87
BRDA:3,1,1,87
BRDA:3,1,2,87
BRDA:4,2,0,0
BRDA:4,2,1,87
BRDA:4,3,0,87
BRDA:4,3,1,87
BRDA:4,3,2,87
BRF:10
BRH:8
end_of_record
TN:
SF:/Users/girish.prajapati/MyDriveTwo/ui/src/main/webapp/js/components/AppHeader/AppHeader.jsx
FN:17,(anonymous_0)
FN:39,(anonymous_1)
FN:44,(anonymous_2)
FN:46,(anonymous_3)
FN:50,(anonymous_4)
FN:67,(anonymous_5)
FN:102,(anonymous_6)
FNF:7
FNH:7
FNDA:18,(anonymous_0)
FNDA:1,(anonymous_1)
FNDA:25,(anonymous_2)
FNDA:18,(anonymous_3)
FNDA:5,(anonymous_4)
FNDA:18,(anonymous_5)
FNDA:18,(anonymous_6)
DA:18,18
DA:20,18
DA:21,18
DA:36,18
DA:39,18
DA:40,1
DA:41,1
DA:44,25
DA:46,18
DA:47,18
DA:48,18
DA:51,5
DA:67,18
DA:68,18
DA:70,18
DA:71,18
DA:72,5
DA:99,18
DA:106,18
DA:108,18
DA:109,18
DA:111,18
DA:112,5
DA:115,18
DA:121,18
DA:136,7
DA:145,7
LF:27
LH:27
BRDA:44,0,0,25
BRDA:44,0,1,18
BRDA:68,1,0,13
BRDA:71,2,0,5
BRDA:71,2,1,13
BRDA:71,3,0,18
BRDA:71,3,1,5
BRDA:93,4,0,4
BRDA:93,4,1,1
BRDA:108,5,0,5
BRDA:108,5,1,13
BRDA:111,6,0,5
BRDA:111,6,1,13
BRDA:111,7,0,18
BRDA:111,7,1,5
BRF:15
BRH:15
end_of_record
TN:
SF:/Users/girish.prajapati/MyDriveTwo/ui/src/main/webapp/js/components/AppHeader/breadcrumbSegments.js
FN:14,(anonymous_0)
FN:16,(anonymous_1)
FN:43,(anonymous_2)
FN:60,(anonymous_3)
FN:65,(anonymous_4)
FN:75,(anonymous_5)
FN:94,(anonymous_6)
FNF:7
FNH:6
FNDA:9,(anonymous_0)
FNDA:34,(anonymous_1)
FNDA:0,(anonymous_2)
FNDA:57,(anonymous_3)
FNDA:24,(anonymous_4)
FNDA:12,(anonymous_5)
FNDA:63,(anonymous_6)
DA:14,9
DA:16,9
DA:17,34
DA:22,34
DA:24,34
DA:25,1
DA:27,33
DA:29,33
DA:30,33
DA:31,9
DA:34,33
DA:35,33
DA:37,33
DA:38,33
DA:40,33
DA:41,33
DA:43,33
DA:44,0
DA:46,0
DA:47,0
DA:48,0
DA:49,0
DA:50,0
DA:51,0
DA:55,0
DA:60,57
DA:65,33
DA:66,24
DA:67,24
DA:75,33
DA:77,12
DA:78,11
DA:82,33
DA:83,33
DA:90,33
DA:94,33
DA:95,63
DA:96,63
DA:102,24
DA:105,7
DA:106,7
DA:110,7
DA:111,2
DA:116,7
DA:119,2
DA:120,2
DA:121,2
DA:122,2
DA:123,2
DA:124,2
DA:125,0
DA:130,2
DA:133,0
DA:134,0
DA:135,0
DA:136,0
DA:137,0
DA:138,0
DA:141,30
DA:142,2
DA:143,2
DA:144,2
DA:145,1
DA:148,30
DA:150,63
DA:151,11
DA:154,33
LF:67
LH:52
BRDA:24,0,0,1
BRDA:24,0,1,33
BRDA:27,1,0,26
BRDA:27,1,1,7
BRDA:30,2,0,9
BRDA:30,2,1,24
BRDA:34,3,0,19
BRDA:34,3,1,14
BRDA:35,4,0,13
BRDA:35,4,1,20
BRDA:35,5,0,33
BRDA:35,5,1,19
BRDA:43,6,0,0
BRDA:46,7,0,0
BRDA:46,7,1,0
BRDA:48,8,0,0
BRDA:48,8,1,0
BRDA:50,9,0,0
BRDA:50,9,1,0
BRDA:66,10,0,11
BRDA:66,10,1,13
BRDA:77,11,0,11
BRDA:77,11,1,1
BRDA:96,12,0,14
BRDA:96,12,1,14
BRDA:96,12,2,24
BRDA:96,12,3,24
BRDA:96,12,4,24
BRDA:96,12,5,7
BRDA:96,12,6,7
BRDA:96,12,7,1
BRDA:96,12,8,2
BRDA:96,12,9,0
BRDA:96,12,10,30
BRDA:110,13,0,2
BRDA:110,13,1,5
BRDA:122,14,0,2
BRDA:122,14,1,2
BRDA:124,15,0,0
BRDA:124,15,1,2
BRDA:141,16,0,2
BRDA:141,16,1,28
BRDA:144,17,0,1
BRDA:144,17,1,1
BRDA:150,18,0,11
BRDA:150,18,1,52
BRF:46
BRH:37
end_of_record
TN:
SF:/Users/girish.prajapati/MyDriveTwo/ui/src/main/webapp/js/components/ErrorBoundary/ErrorBoundary.jsx
FN:4,(anonymous_0)
FN:14,(anonymous_1)
FN:23,(anonymous_2)
FNF:3
FNH:2
FNDA:8,(anonymous_0)
FNDA:0,(anonymous_1)
FNDA:52,(anonymous_2)
DA:5,8
DA:6,8
DA:16,0
DA:24,52
DA:26,0
DA:47,52
LF:6
LH:4
BRDA:24,0,0,0
BRDA:24,0,1,52
BRF:2
BRH:1
end_of_record
TN:
SF:/Users/girish.prajapati/MyDriveTwo/ui/src/main/webapp/js/components/FeatureFlag/index.jsx
FN:6,(anonymous_0)
FN:10,(anonymous_1)
FNF:2
FNH:2
FNDA:2,(anonymous_0)
FNDA:2,(anonymous_1)
DA:7,2
DA:11,2
DA:12,2
DA:14,2
DA:15,1
DA:18,1
DA:22,1
DA:26,1
LF:8
LH:8
BRDA:14,0,0,1
BRDA:14,0,1,1
BRF:2
BRH:2
end_of_record
TN:
SF:/Users/girish.prajapati/MyDriveTwo/ui/src/main/webapp/js/components/Form/Dropzone.jsx
FN:6,Dropzone
FN:44,(anonymous_1)
FN:56,(anonymous_2)
FN:79,(anonymous_3)
FN:86,(anonymous_4)
FN:113,(anonymous_5)
FN:200,(anonymous_6)
FN:201,(anonymous_7)
FN:202,(anonymous_8)
FNF:9
FNH:3
FNDA:4,Dropzone
FNDA:0,(anonymous_1)
FNDA:0,(anonymous_2)
FNDA:3,(anonymous_3)
FNDA:4,(anonymous_4)
FNDA:0,(anonymous_5)
FNDA:0,(anonymous_6)
FNDA:0,(anonymous_7)
FNDA:0,(anonymous_8)
DA:22,4
DA:24,4
DA:25,4
DA:26,1
DA:28,4
DA:29,1
DA:32,4
DA:39,4
DA:43,4
DA:45,0
DA:46,0
DA:47,0
DA:48,0
DA:50,0
DA:51,0
DA:57,0
DA:58,0
DA:59,0
DA:70,4
DA:79,4
DA:86,4
DA:87,4
DA:89,4
DA:97,0
DA:100,0
DA:102,0
DA:107,4
DA:108,4
DA:114,0
DA:150,9
DA:181,9
DA:199,9
LF:32
LH:19
BRDA:25,0,0,1
BRDA:25,0,1,3
BRDA:28,1,0,1
BRDA:28,1,1,3
BRDA:45,2,0,0
BRDA:45,2,1,0
BRDA:47,3,0,0
BRDA:47,3,1,0
BRDA:48,4,0,0
BRDA:48,4,1,0
BRDA:50,5,0,0
BRDA:50,5,1,0
BRDA:51,6,0,0
BRDA:51,6,1,0
BRDA:81,7,0,0
BRDA:81,7,1,3
BRDA:82,8,0,0
BRDA:82,8,1,3
BRDA:83,9,0,0
BRDA:83,9,1,3
BRDA:87,10,0,4
BRDA:87,10,1,0
BRDA:87,10,2,0
BRDA:87,10,3,0
BRDA:107,11,0,0
BRDA:107,11,1,4
BRDA:112,12,0,0
BRDA:112,12,1,4
BRDA:115,13,0,0
BRDA:115,13,1,0
BRDA:129,14,0,3
BRDA:129,14,1,1
BRDA:138,15,0,4
BRDA:138,15,1,0
BRDA:139,16,0,4
BRDA:139,16,1,0
BRDA:140,17,0,4
BRDA:140,17,1,4
BRF:38
BRH:16
end_of_record
TN:
SF:/Users/girish.prajapati/MyDriveTwo/ui/src/main/webapp/js/components/Form/Form.jsx
FN:9,(anonymous_0)
FN:25,(anonymous_1)
FN:31,(anonymous_2)
FN:35,(anonymous_3)
FN:41,(anonymous_4)
FN:41,(anonymous_5)
FN:47,(anonymous_6)
FN:61,(anonymous_7)
FN:65,(anonymous_8)
FN:111,(anonymous_9)
FN:114,(anonymous_10)
FNF:11
FNH:7
FNDA:4,(anonymous_0)
FNDA:4,(anonymous_1)
FNDA:0,(anonymous_2)
FNDA:2,(anonymous_3)
FNDA:1,(anonymous_4)
FNDA:1,(anonymous_5)
FNDA:1,(anonymous_6)
FNDA:0,(anonymous_7)
FNDA:8,(anonymous_8)
FNDA:0,(anonymous_9)
FNDA:0,(anonymous_10)
DA:10,4
DA:11,4
DA:12,4
DA:14,4
DA:19,4
DA:20,4
DA:21,4
DA:22,4
DA:26,4
DA:32,0
DA:36,2
DA:37,1
DA:41,4
DA:42,1
DA:43,1
DA:44,1
DA:50,1
DA:52,1
DA:53,1
DA:55,0
DA:57,1
DA:62,0
DA:68,8
DA:69,8
DA:99,6
DA:110,6
LF:26
LH:23
BRDA:36,0,0,1
BRDA:36,0,1,1
BRDA:52,1,0,1
BRDA:52,1,1,0
BRF:4
BRH:3
end_of_record
TN:
SF:/Users/girish.prajapati/MyDriveTwo/ui/src/main/webapp/js/components/FormTitle/PageTitle.js
FN:6,(anonymous_0)
FN:62,(anonymous_1)
FNF:2
FNH:2
FNDA:3,(anonymous_0)
FNDA:6,(anonymous_1)
DA:6,7
DA:9,3
DA:10,3
DA:11,3
DA:13,3
DA:14,0
DA:15,0
DA:18,3
DA:19,3
DA:21,3
DA:63,6
DA:75,7
DA:82,7
LF:13
LH:11
BRDA:13,0,0,0
BRDA:13,0,1,3
BRDA:18,1,0,3
BRDA:18,1,1,1
BRDA:19,2,0,3
BRDA:19,2,1,1
BRDA:23,3,0,1
BRDA:23,3,1,2
BRDA:23,4,0,3
BRDA:23,4,1,2
BRDA:27,5,0,1
BRDA:27,5,1,1
BRDA:42,6,0,1
BRDA:42,6,1,1
BRDA:65,7,0,1
BRDA:65,7,1,5
BRF:16
BRH:15
end_of_record
TN:
SF:/Users/girish.prajapati/MyDriveTwo/ui/src/main/webapp/js/components/FormTitle/SectionTitle.js
FN:6,(anonymous_0)
FN:52,(anonymous_1)
FNF:2
FNH:2
FNDA:2,(anonymous_0)
FNDA:2,(anonymous_1)
DA:6,7
DA:9,2
DA:12,2
DA:13,2
DA:14,2
DA:15,1
DA:16,1
DA:18,1
DA:19,1
DA:21,0
DA:24,2
DA:25,0
DA:28,2
DA:53,2
DA:67,7
DA:73,7
LF:16
LH:14
BRDA:13,0,0,2
BRDA:13,0,1,0
BRDA:16,1,0,1
BRDA:16,1,1,0
BRDA:16,2,0,1
BRDA:16,2,1,1
BRDA:16,2,2,1
BRDA:24,3,0,0
BRDA:24,3,1,2
BRDA:30,4,0,1
BRDA:30,4,1,1
BRDA:52,5,0,2
BRDA:52,5,1,0
BRDA:55,6,0,1
BRDA:55,6,1,1
BRF:15
BRH:11
end_of_record
TN:
SF:/Users/girish.prajapati/MyDriveTwo/ui/src/main/webapp/js/components/Graph/Graph.js
FN:7,(anonymous_0)
FN:14,(anonymous_1)
FN:19,(anonymous_2)
FN:20,(anonymous_3)
FN:26,(anonymous_4)
FN:38,(anonymous_5)
FN:47,(anonymous_6)
FN:53,(anonymous_7)
FN:59,(anonymous_8)
FN:75,(anonymous_9)
FN:77,(anonymous_10)
FN:83,(anonymous_11)
FNF:12
FNH:0
FNDA:0,(anonymous_0)
FNDA:0,(anonymous_1)
FNDA:0,(anonymous_2)
FNDA:0,(anonymous_3)
FNDA:0,(anonymous_4)
FNDA:0,(anonymous_5)
FNDA:0,(anonymous_6)
FNDA:0,(anonymous_7)
FNDA:0,(anonymous_8)
FNDA:0,(anonymous_9)
FNDA:0,(anonymous_10)
FNDA:0,(anonymous_11)
DA:8,0
DA:9,0
DA:10,0
DA:11,0
DA:15,0
DA:16,0
DA:17,0
DA:18,0
DA:19,0
DA:20,0
DA:21,0
DA:23,0
DA:24,0
DA:26,0
DA:27,0
DA:30,0
DA:31,0
DA:32,0
DA:37,0
DA:38,0
DA:39,0
DA:40,0
DA:45,0
DA:48,0
DA:49,0
DA:51,0
DA:54,0
DA:55,0
DA:57,0
DA:60,0
DA:61,0
DA:63,0
DA:64,0
DA:65,0
DA:66,0
DA:67,0
DA:76,0
DA:77,0
DA:78,0
DA:80,0
DA:84,0
DA:85,0
DA:86,0
DA:93,0
DA:94,0
DA:135,0
DA:139,0
LF:47
LH:0
BRDA:31,0,0,0
BRDA:31,0,1,0
BRDA:31,1,0,0
BRDA:31,1,1,0
BRDA:39,2,0,0
BRDA:39,2,1,0
BRDA:85,3,0,0
BRDA:85,3,1,0
BRDA:85,4,0,0
BRDA:85,4,1,0
BRF:10
BRH:0
end_of_record
TN:
SF:/Users/girish.prajapati/MyDriveTwo/ui/src/main/webapp/js/components/IconButton/IconButton.jsx
FN:7,(anonymous_0)
FN:18,(anonymous_1)
FN:24,(anonymous_2)
FN:39,(anonymous_3)
FN:46,(anonymous_4)
FN:52,(anonymous_5)
FN:113,(anonymous_6)
FNF:7
FNH:6
FNDA:12,(anonymous_0)
FNDA:1,(anonymous_1)
FNDA:16,(anonymous_2)
FNDA:16,(anonymous_3)
FNDA:1,(anonymous_4)
FNDA:16,(anonymous_5)
FNDA:0,(anonymous_6)
DA:8,12
DA:9,12
DA:10,12
DA:11,12
DA:13,12
DA:19,1
DA:24,12
DA:30,16
DA:31,16
DA:33,16
DA:34,1
DA:36,15
DA:39,12
DA:42,16
DA:43,16
DA:47,1
DA:63,16
DA:65,16
DA:98,25
DA:112,25
LF:20
LH:20
BRDA:33,0,0,1
BRDA:33,0,1,15
BRDA:36,1,0,3
BRDA:36,1,1,12
BRF:4
BRH:4
end_of_record
TN:
SF:/Users/girish.prajapati/MyDriveTwo/ui/src/main/webapp/js/components/Icons/CsvIcon/index.jsx
FN:4,(anonymous_0)
FNF:1
FNH:0
FNDA:0,(anonymous_0)
DA:4,6
DA:7,0
DA:9,0
DA:19,6
DA:25,6
LF:5
LH:3
BRF:0
BRH:0
end_of_record
TN:
SF:/Users/girish.prajapati/MyDriveTwo/ui/src/main/webapp/js/components/Icons/MenuIcon/index.jsx
FN:5,(anonymous_0)
FNF:1
FNH:0
FNDA:0,(anonymous_0)
DA:8,0
DA:10,0
DA:50,8
DA:56,8
LF:4
LH:2
BRF:0
BRH:0
end_of_record
TN:
SF:/Users/girish.prajapati/MyDriveTwo/ui/src/main/webapp/js/components/Icons/NGramIcon/index.jsx
FN:5,(anonymous_0)
FNF:1
FNH:0
FNDA:0,(anonymous_0)
DA:10,0
DA:12,0
DA:38,4
DA:43,4
LF:4
LH:2
BRF:0
BRH:0
end_of_record
TN:
SF:/Users/girish.prajapati/MyDriveTwo/ui/src/main/webapp/js/components/Icons/TensorFlowIcon/index.jsx
FN:5,(anonymous_0)
FNF:1
FNH:0
FNDA:0,(anonymous_0)
DA:11,0
DA:13,0
DA:15,0
DA:52,4
DA:57,4
LF:5
LH:2
BRF:0
BRH:0
end_of_record
TN:
SF:/Users/girish.prajapati/MyDriveTwo/ui/src/main/webapp/js/components/Navigation/LogoutWarningDialog.jsx
FN:7,(anonymous_0)
FN:24,LogoutWarningDialog
FN:25,(anonymous_2)
FN:32,(anonymous_3)
FN:35,cleanup
FNF:5
FNH:5
FNDA:3,(anonymous_0)
FNDA:3,LogoutWarningDialog
FNDA:1,(anonymous_2)
FNDA:3,(anonymous_3)
FNDA:1,cleanup
DA:7,8
DA:8,3
DA:19,8
DA:25,3
DA:26,1
DA:27,1
DA:28,1
DA:32,3
DA:33,3
DA:35,3
DA:36,1
DA:46,3
DA:48,3
DA:50,3
DA:79,8
DA:87,8
LF:16
LH:16
BRDA:26,0,0,1
BRDA:26,0,1,0
BRF:2
BRH:1
end_of_record
TN:
SF:/Users/girish.prajapati/MyDriveTwo/ui/src/main/webapp/js/components/Navigation/NavigationBar.jsx
FN:14,(anonymous_0)
FN:38,(anonymous_1)
FN:73,(anonymous_2)
FN:79,(anonymous_3)
FN:91,(anonymous_4)
FN:94,(anonymous_5)
FN:96,(anonymous_6)
FN:114,(anonymous_7)
FN:118,(anonymous_8)
FN:130,(anonymous_9)
FN:135,(anonymous_10)
FN:145,(anonymous_11)
FN:151,(anonymous_12)
FN:157,(anonymous_13)
FN:163,(anonymous_14)
FN:169,(anonymous_15)
FN:175,(anonymous_16)
FN:180,(anonymous_17)
FN:185,(anonymous_18)
FN:252,(anonymous_19)
FNF:20
FNH:19
FNDA:27,(anonymous_0)
FNDA:42,(anonymous_1)
FNDA:42,(anonymous_2)
FNDA:78,(anonymous_3)
FNDA:78,(anonymous_4)
FNDA:52,(anonymous_5)
FNDA:104,(anonymous_6)
FNDA:14,(anonymous_7)
FNDA:2,(anonymous_8)
FNDA:2,(anonymous_9)
FNDA:40,(anonymous_10)
FNDA:1,(anonymous_11)
FNDA:4,(anonymous_12)
FNDA:1,(anonymous_13)
FNDA:1,(anonymous_14)
FNDA:1,(anonymous_15)
FNDA:1,(anonymous_16)
FNDA:1,(anonymous_17)
FNDA:40,(anonymous_18)
FNDA:0,(anonymous_19)
DA:15,27
DA:16,27
DA:18,27
DA:19,27
DA:24,27
DA:26,27
DA:27,25
DA:30,27
DA:39,42
DA:40,42
DA:44,42
DA:46,42
DA:47,40
DA:48,40
DA:49,40
DA:50,40
DA:51,40
DA:60,2
DA:61,1
DA:70,1
DA:74,42
DA:77,27
DA:78,27
DA:79,26
DA:80,78
DA:81,78
DA:88,78
DA:91,26
DA:92,78
DA:93,78
DA:94,78
DA:95,78
DA:96,104
DA:97,52
DA:98,52
DA:111,42
DA:115,14
DA:118,27
DA:122,2
DA:123,2
DA:131,2
DA:135,27
DA:136,40
DA:137,40
DA:138,40
DA:139,40
DA:140,1
DA:142,39
DA:145,27
DA:146,1
DA:151,27
DA:152,4
DA:153,4
DA:154,4
DA:157,27
DA:158,1
DA:163,27
DA:164,1
DA:169,27
DA:170,1
DA:175,27
DA:176,1
DA:177,1
DA:180,27
DA:181,1
DA:182,1
DA:190,40
DA:195,40
DA:197,40
DA:247,7
DA:257,7
LF:71
LH:71
BRDA:26,0,0,25
BRDA:26,0,1,2
BRDA:26,1,0,27
BRDA:26,1,1,27
BRDA:26,1,2,27
BRDA:26,1,3,27
BRDA:39,2,0,41
BRDA:42,3,0,2
BRDA:42,4,0,2
BRDA:42,5,0,42
BRDA:43,6,0,42
BRDA:46,7,0,40
BRDA:46,7,1,2
BRDA:46,8,0,42
BRDA:46,8,1,42
BRDA:47,9,0,40
BRDA:47,9,1,40
BRDA:48,10,0,40
BRDA:48,10,1,40
BRDA:60,11,0,1
BRDA:60,11,1,1
BRDA:74,12,0,27
BRDA:74,12,1,15
BRDA:74,13,0,42
BRDA:74,13,1,41
BRDA:78,14,0,26
BRDA:78,14,1,1
BRDA:78,15,0,27
BRDA:78,15,1,27
BRDA:79,16,0,0
BRDA:82,17,0,78
BRDA:82,17,1,78
BRDA:93,18,0,78
BRDA:93,18,1,78
BRDA:95,19,0,52
BRDA:95,19,1,26
BRDA:138,20,0,1
BRDA:139,21,0,1
BRDA:139,21,1,39
BRDA:139,22,0,40
BRDA:139,22,1,38
BRDA:209,23,0,40
BRDA:209,23,1,3
BRF:43
BRH:42
end_of_record
TN:
SF:/Users/girish.prajapati/MyDriveTwo/ui/src/main/webapp/js/components/app/AppRoute.jsx
FN:4,(anonymous_0)
FN:11,(anonymous_1)
FNF:2
FNH:2
FNDA:52,(anonymous_0)
FNDA:52,(anonymous_1)
DA:4,4
DA:9,52
DA:12,52
LF:3
LH:3
BRF:0
BRH:0
end_of_record
TN:
SF:/Users/girish.prajapati/MyDriveTwo/ui/src/main/webapp/js/components/app/TaggerApp.jsx
FN:48,(anonymous_0)
FN:67,(anonymous_1)
FN:94,(anonymous_2)
FN:105,(anonymous_3)
FN:109,(anonymous_4)
FN:113,(anonymous_5)
FN:118,(anonymous_6)
FN:124,(anonymous_7)
FN:130,(anonymous_8)
FN:135,(anonymous_9)
FN:142,(anonymous_10)
FN:162,(anonymous_11)
FN:178,(anonymous_12)
FN:185,(anonymous_13)
FN:187,(anonymous_14)
FN:192,(anonymous_15)
FN:200,(anonymous_16)
FN:222,(anonymous_17)
FN:307,(anonymous_18)
FN:439,(anonymous_19)
FN:454,(anonymous_20)
FNF:21
FNH:10
FNDA:7,(anonymous_0)
FNDA:28,(anonymous_1)
FNDA:7,(anonymous_2)
FNDA:0,(anonymous_3)
FNDA:0,(anonymous_4)
FNDA:7,(anonymous_5)
FNDA:7,(anonymous_6)
FNDA:0,(anonymous_7)
FNDA:0,(anonymous_8)
FNDA:0,(anonymous_9)
FNDA:0,(anonymous_10)
FNDA:0,(anonymous_11)
FNDA:0,(anonymous_12)
FNDA:0,(anonymous_13)
FNDA:0,(anonymous_14)
FNDA:0,(anonymous_15)
FNDA:51,(anonymous_16)
FNDA:51,(anonymous_17)
FNDA:51,(anonymous_18)
FNDA:56,(anonymous_19)
FNDA:7,(anonymous_20)
DA:49,7
DA:51,7
DA:53,7
DA:60,7
DA:61,7
DA:62,7
DA:63,7
DA:64,7
DA:65,7
DA:67,7
DA:68,28
DA:71,7
DA:72,7
DA:74,7
DA:75,7
DA:76,7
DA:77,7
DA:79,7
DA:80,7
DA:81,1
DA:83,7
DA:85,7
DA:86,7
DA:91,7
DA:97,7
DA:98,7
DA:99,7
DA:100,7
DA:101,7
DA:102,7
DA:106,0
DA:110,0
DA:114,7
DA:115,7
DA:119,7
DA:120,7
DA:121,7
DA:125,0
DA:126,0
DA:127,0
DA:131,0
DA:132,0
DA:136,0
DA:137,0
DA:138,0
DA:139,0
DA:143,0
DA:144,0
DA:146,0
DA:147,0
DA:148,0
DA:150,0
DA:163,0
DA:164,0
DA:179,0
DA:180,0
DA:181,0
DA:182,0
DA:186,0
DA:187,0
DA:188,0
DA:193,0
DA:194,0
DA:195,0
DA:196,0
DA:201,51
DA:202,51
DA:203,51
DA:205,0
DA:208,0
DA:223,51
DA:224,51
DA:225,51
DA:226,4
DA:228,47
DA:229,47
DA:230,47
DA:232,0
DA:237,0
DA:242,0
DA:247,0
DA:251,0
DA:255,47
DA:259,0
DA:263,0
DA:267,0
DA:271,0
DA:275,0
DA:279,0
DA:283,0
DA:287,0
DA:291,0
DA:295,0
DA:299,0
DA:304,0
DA:308,51
DA:309,51
DA:310,51
DA:439,3
DA:440,56
DA:442,56
DA:443,56
DA:444,56
DA:454,7
LF:104
LH:55
BRDA:80,0,0,1
BRDA:80,0,1,6
BRDA:110,1,0,0
BRDA:110,1,1,0
BRDA:126,2,0,0
BRDA:126,2,1,0
BRDA:139,3,0,0
BRDA:139,3,1,0
BRDA:193,4,0,0
BRDA:193,4,1,0
BRDA:202,5,0,51
BRDA:202,5,1,0
BRDA:205,6,0,0
BRDA:205,6,1,0
BRDA:215,7,0,0
BRDA:215,7,1,0
BRDA:225,8,0,4
BRDA:225,8,1,47
BRDA:230,9,0,0
BRDA:230,9,1,0
BRDA:230,9,2,0
BRDA:230,9,3,0
BRDA:230,9,4,0
BRDA:230,9,5,47
BRDA:230,9,6,0
BRDA:230,9,7,0
BRDA:230,9,8,0
BRDA:230,9,9,0
BRDA:230,9,10,0
BRDA:230,9,11,0
BRDA:230,9,12,0
BRDA:230,9,13,0
BRDA:230,9,14,0
BRDA:230,9,15,0
BRDA:230,9,16,0
BRDA:319,10,0,51
BRDA:319,10,1,0
BRF:37
BRH:7
end_of_record
TN:
SF:/Users/girish.prajapati/MyDriveTwo/ui/src/main/webapp/js/components/audio/AudioPlayer.jsx
FN:9,(anonymous_0)
FN:19,(anonymous_1)
FN:36,(anonymous_2)
FN:46,(anonymous_3)
FN:49,(anonymous_4)
FN:52,(anonymous_5)
FN:70,(anonymous_6)
FN:97,(anonymous_7)
FN:128,(anonymous_8)
FN:129,(anonymous_9)
FN:132,(anonymous_10)
FNF:11
FNH:6
FNDA:10,(anonymous_0)
FNDA:5,(anonymous_1)
FNDA:2,(anonymous_2)
FNDA:3,(anonymous_3)
FNDA:0,(anonymous_4)
FNDA:0,(anonymous_5)
FNDA:21,(anonymous_6)
FNDA:32,(anonymous_7)
FNDA:0,(anonymous_8)
FNDA:0,(anonymous_9)
FNDA:0,(anonymous_10)
DA:10,10
DA:12,10
DA:14,10
DA:20,5
DA:27,5
DA:29,5
DA:31,5
DA:33,5
DA:34,2
DA:37,2
DA:38,2
DA:39,2
DA:41,2
DA:44,3
DA:48,3
DA:49,3
DA:50,0
DA:53,0
DA:56,3
DA:57,3
DA:60,0
DA:61,0
DA:64,3
DA:73,21
DA:74,21
DA:75,21
DA:77,21
DA:78,21
DA:79,21
DA:80,7
DA:81,7
DA:83,21
DA:85,21
DA:97,32
DA:109,8
DA:125,8
LF:36
LH:32
BRDA:33,0,0,2
BRDA:33,0,1,3
BRDA:37,1,0,2
BRDA:37,1,1,0
BRDA:48,2,0,3
BRDA:48,2,1,0
BRDA:74,3,0,3
BRDA:74,4,0,3
BRDA:74,5,0,3
BRDA:79,6,0,7
BRDA:79,6,1,14
BRDA:83,7,0,3
BRF:12
BRH:10
end_of_record
TN:
SF:/Users/girish.prajapati/MyDriveTwo/ui/src/main/webapp/js/components/audio/AudioRecorder.jsx
FN:11,(anonymous_0)
FN:34,(anonymous_1)
FN:38,(anonymous_2)
FN:48,(anonymous_3)
FN:52,(anonymous_4)
FN:58,(anonymous_5)
FN:63,(anonymous_6)
FN:71,(anonymous_7)
FN:75,(anonymous_8)
FN:83,(anonymous_9)
FN:95,(anonymous_10)
FN:98,(anonymous_11)
FN:107,(anonymous_12)
FN:117,(anonymous_13)
FN:169,(anonymous_14)
FN:170,(anonymous_15)
FN:171,(anonymous_16)
FN:173,(anonymous_17)
FNF:18
FNH:7
FNDA:12,(anonymous_0)
FNDA:1,(anonymous_1)
FNDA:0,(anonymous_2)
FNDA:0,(anonymous_3)
FNDA:0,(anonymous_4)
FNDA:0,(anonymous_5)
FNDA:0,(anonymous_6)
FNDA:0,(anonymous_7)
FNDA:0,(anonymous_8)
FNDA:0,(anonymous_9)
FNDA:3,(anonymous_10)
FNDA:2,(anonymous_11)
FNDA:3,(anonymous_12)
FNDA:21,(anonymous_13)
FNDA:0,(anonymous_14)
FNDA:0,(anonymous_15)
FNDA:0,(anonymous_16)
FNDA:12,(anonymous_17)
DA:8,5
DA:12,12
DA:14,12
DA:15,12
DA:16,12
DA:17,12
DA:19,12
DA:20,12
DA:22,12
DA:23,12
DA:29,12
DA:35,1
DA:42,0
DA:44,0
DA:46,0
DA:48,0
DA:49,0
DA:52,0
DA:53,0
DA:54,0
DA:55,0
DA:58,0
DA:59,0
DA:66,0
DA:68,0
DA:72,0
DA:76,0
DA:77,0
DA:78,0
DA:80,0
DA:84,0
DA:85,0
DA:86,0
DA:90,0
DA:96,3
DA:97,3
DA:98,2
DA:99,2
DA:100,2
DA:108,3
DA:109,3
DA:110,3
DA:111,1
DA:113,2
DA:120,21
DA:122,21
DA:123,21
DA:125,21
DA:126,21
DA:128,21
DA:129,3
DA:130,3
DA:133,21
DA:134,21
DA:135,1
DA:137,21
DA:153,5
DA:165,5
LF:58
LH:36
BRDA:84,0,0,0
BRDA:84,0,1,0
BRDA:97,1,0,2
BRDA:97,1,1,1
BRDA:110,2,0,1
BRDA:110,2,1,2
BRDA:123,3,0,1
BRDA:123,4,0,21
BRDA:128,5,0,3
BRDA:128,5,1,18
BRDA:133,6,0,21
BRDA:134,7,0,1
BRDA:134,7,1,20
BRF:13
BRH:11
end_of_record
TN:
SF:/Users/girish.prajapati/MyDriveTwo/ui/src/main/webapp/js/components/common/EditableLabel.jsx
FN:9,(anonymous_0)
FN:32,(anonymous_1)
FN:39,(anonymous_2)
FN:43,(anonymous_3)
FN:48,(anonymous_4)
FN:56,(anonymous_5)
FN:66,(anonymous_6)
FN:102,(anonymous_7)
FNF:8
FNH:3
FNDA:7,(anonymous_0)
FNDA:0,(anonymous_1)
FNDA:0,(anonymous_2)
FNDA:0,(anonymous_3)
FNDA:1,(anonymous_4)
FNDA:0,(anonymous_5)
FNDA:8,(anonymous_6)
FNDA:0,(anonymous_7)
DA:10,7
DA:12,7
DA:18,7
DA:20,7
DA:21,7
DA:22,7
DA:24,7
DA:33,0
DA:40,0
DA:44,0
DA:49,1
DA:53,1
DA:57,0
DA:58,0
DA:62,0
DA:67,8
DA:100,7
DA:106,7
LF:18
LH:12
BRDA:33,0,0,0
BRDA:33,0,1,0
BRDA:57,1,0,0
BRDA:57,1,1,0
BRDA:57,2,0,0
BRDA:57,2,1,0
BRF:6
BRH:0
end_of_record
TN:
SF:/Users/girish.prajapati/MyDriveTwo/ui/src/main/webapp/js/components/common/LocaleSelect.jsx
FN:7,(anonymous_0)
FN:12,(anonymous_1)
FN:17,(anonymous_2)
FN:30,(anonymous_3)
FN:43,(anonymous_4)
FNF:5
FNH:4
FNDA:3,(anonymous_0)
FNDA:2,(anonymous_1)
FNDA:1,(anonymous_2)
FNDA:3,(anonymous_3)
FNDA:0,(anonymous_4)
DA:8,3
DA:9,3
DA:13,2
DA:14,2
DA:18,1
DA:32,3
DA:33,3
DA:44,0
DA:45,0
DA:47,0
LF:10
LH:7
BRDA:13,0,0,1
BRDA:13,0,1,1
BRDA:13,1,0,2
BRDA:13,1,1,2
BRDA:44,2,0,0
BRDA:44,2,1,0
BRF:6
BRH:4
end_of_record
TN:
SF:/Users/girish.prajapati/MyDriveTwo/ui/src/main/webapp/js/components/common/Dialog/Dialog.jsx
FN:12,(anonymous_0)
FN:21,(anonymous_1)
FN:25,(anonymous_2)
FN:29,(anonymous_3)
FN:37,(anonymous_4)
FNF:5
FNH:2
FNDA:4,(anonymous_0)
FNDA:0,(anonymous_1)
FNDA:0,(anonymous_2)
FNDA:0,(anonymous_3)
FNDA:4,(anonymous_4)
DA:13,4
DA:14,4
DA:16,4
DA:17,4
DA:18,4
DA:22,0
DA:26,0
DA:30,0
DA:41,4
DA:43,4
DA:45,4
DA:91,9
DA:97,9
LF:13
LH:10
BRDA:43,0,0,4
BRDA:43,0,1,0
BRDA:49,1,0,0
BRDA:49,1,1,4
BRDA:60,2,0,4
BRDA:60,2,1,4
BRDA:67,3,0,4
BRDA:67,3,1,4
BRDA:73,4,0,4
BRDA:73,4,1,4
BRF:10
BRH:8
end_of_record
TN:
SF:/Users/girish.prajapati/MyDriveTwo/ui/src/main/webapp/js/components/consistency/ConsistencyReport.jsx
FN:16,(anonymous_0)
FN:43,(anonymous_1)
FN:55,(anonymous_2)
FN:70,(anonymous_3)
FN:83,(anonymous_4)
FN:91,(anonymous_5)
FN:105,(anonymous_6)
FN:118,(anonymous_7)
FN:129,(anonymous_8)
FN:144,(anonymous_9)
FN:152,(anonymous_10)
FN:157,(anonymous_11)
FN:162,(anonymous_12)
FN:177,(anonymous_13)
FN:182,(anonymous_14)
FN:193,(anonymous_15)
FN:198,(anonymous_16)
FN:203,(anonymous_17)
FN:208,(anonymous_18)
FN:247,(anonymous_19)
FN:260,(anonymous_20)
FN:313,(anonymous_21)
FN:319,(anonymous_22)
FN:338,(anonymous_23)
FN:346,(anonymous_24)
FNF:25
FNH:14
FNDA:12,(anonymous_0)
FNDA:3,(anonymous_1)
FNDA:0,(anonymous_2)
FNDA:2,(anonymous_3)
FNDA:0,(anonymous_4)
FNDA:0,(anonymous_5)
FNDA:12,(anonymous_6)
FNDA:13,(anonymous_7)
FNDA:24,(anonymous_8)
FNDA:1,(anonymous_9)
FNDA:0,(anonymous_10)
FNDA:0,(anonymous_11)
FNDA:0,(anonymous_12)
FNDA:0,(anonymous_13)
FNDA:2,(anonymous_14)
FNDA:1,(anonymous_15)
FNDA:1,(anonymous_16)
FNDA:1,(anonymous_17)
FNDA:29,(anonymous_18)
FNDA:0,(anonymous_19)
FNDA:0,(anonymous_20)
FNDA:0,(anonymous_21)
FNDA:0,(anonymous_22)
FNDA:3,(anonymous_23)
FNDA:1,(anonymous_24)
DA:17,12
DA:19,12
DA:20,12
DA:22,12
DA:23,12
DA:24,12
DA:25,12
DA:26,12
DA:28,12
DA:30,12
DA:31,12
DA:35,12
DA:36,12
DA:44,3
DA:45,3
DA:46,3
DA:51,1
DA:52,1
DA:54,2
DA:55,0
DA:57,2
DA:58,2
DA:59,0
DA:63,3
DA:64,1
DA:65,1
DA:66,1
DA:67,1
DA:68,1
DA:70,1
DA:71,2
DA:72,2
DA:76,1
DA:77,1
DA:78,1
DA:81,1
DA:82,1
DA:83,1
DA:84,0
DA:90,1
DA:91,0
DA:92,0
DA:93,0
DA:95,0
DA:98,0
DA:106,12
DA:107,12
DA:112,12
DA:113,12
DA:114,12
DA:115,12
DA:121,13
DA:123,13
DA:124,12
DA:125,12
DA:127,12
DA:128,12
DA:129,12
DA:130,24
DA:131,24
DA:134,12
DA:140,1
DA:145,1
DA:146,1
DA:147,1
DA:148,1
DA:149,1
DA:153,0
DA:154,0
DA:158,0
DA:159,0
DA:165,0
DA:166,0
DA:167,0
DA:168,0
DA:169,0
DA:178,0
DA:183,2
DA:184,2
DA:185,1
DA:189,1
DA:194,1
DA:195,1
DA:199,1
DA:200,1
DA:204,1
DA:205,1
DA:211,29
DA:216,29
DA:217,29
DA:219,29
DA:220,1
DA:223,28
DA:224,3
DA:231,25
DA:232,25
DA:239,0
DA:240,0
DA:241,0
DA:244,0
DA:246,0
DA:247,0
DA:248,0
DA:249,0
DA:253,0
DA:260,0
DA:313,0
DA:319,0
DA:338,4
DA:346,4
LF:110
LH:80
BRDA:46,0,0,1
BRDA:46,0,1,2
BRDA:47,1,0,3
BRDA:47,1,1,1
BRDA:47,1,2,1
BRDA:47,1,3,2
BRDA:47,1,4,2
BRDA:47,1,5,2
BRDA:47,1,6,0
BRDA:54,2,0,0
BRDA:54,2,1,2
BRDA:58,3,0,0
BRDA:58,3,1,2
BRDA:63,4,0,1
BRDA:63,4,1,2
BRDA:71,5,0,2
BRDA:71,5,1,0
BRDA:71,6,0,2
BRDA:71,6,1,2
BRDA:71,6,2,2
BRDA:71,6,3,2
BRDA:76,7,0,1
BRDA:76,7,1,0
BRDA:81,8,0,1
BRDA:81,8,1,0
BRDA:81,9,0,1
BRDA:81,9,1,1
BRDA:90,10,0,0
BRDA:90,10,1,1
BRDA:93,11,0,0
BRDA:93,11,1,0
BRDA:123,12,0,12
BRDA:123,12,1,1
BRDA:124,13,0,12
BRDA:124,13,1,0
BRDA:127,14,0,12
BRDA:127,14,1,0
BRDA:127,15,0,12
BRDA:127,15,1,12
BRDA:130,16,0,24
BRDA:130,16,1,0
BRDA:130,17,0,24
BRDA:130,17,1,24
BRDA:130,17,2,24
BRDA:130,17,3,24
BRDA:159,18,0,0
BRDA:159,18,1,0
BRDA:184,19,0,1
BRDA:184,19,1,1
BRDA:219,20,0,1
BRDA:219,20,1,28
BRDA:219,21,0,29
BRDA:219,21,1,29
BRDA:223,22,0,3
BRDA:223,22,1,25
BRDA:231,23,0,25
BRDA:231,23,1,0
BRDA:231,24,0,25
BRDA:231,24,1,25
BRDA:240,25,0,0
BRDA:240,25,1,0
BRDA:240,26,0,0
BRDA:240,26,1,0
BRDA:240,26,2,0
BRDA:240,26,3,0
BRDA:244,27,0,0
BRDA:244,27,1,0
BRDA:244,28,0,0
BRDA:244,28,1,0
BRDA:244,29,0,0
BRDA:244,29,1,0
BRDA:248,30,0,0
BRDA:248,30,1,0
BRDA:248,31,0,0
BRDA:248,31,1,0
BRDA:248,31,2,0
BRDA:248,31,3,0
BRDA:255,32,0,0
BRDA:255,32,1,0
BRDA:290,33,0,0
BRDA:290,33,1,0
BRDA:290,34,0,0
BRDA:290,34,1,0
BRDA:301,35,0,0
BRDA:301,35,1,0
BRDA:301,36,0,0
BRDA:301,36,1,0
BRDA:301,36,2,0
BRDA:307,37,0,0
BRDA:307,37,1,0
BRDA:307,38,0,0
BRDA:307,38,1,0
BRDA:317,39,0,0
BRDA:317,39,1,0
BRDA:317,40,0,0
BRDA:317,40,1,0
BRDA:326,41,0,0
BRDA:326,41,1,0
BRDA:327,42,0,0
BRDA:327,42,1,0
BRDA:328,43,0,0
BRDA:328,43,1,0
BRDA:328,44,0,0
BRDA:328,44,1,0
BRDA:342,45,0,3
BRDA:342,45,1,3
BRDA:343,46,0,3
BRDA:343,46,1,3
BRF:108
BRH:48
end_of_record
TN:
SF:/Users/girish.prajapati/MyDriveTwo/ui/src/main/webapp/js/components/consistency/ConsistencyReportGrid.jsx
FN:31,(anonymous_0)
FN:49,(anonymous_1)
FN:72,(anonymous_2)
FN:101,(anonymous_3)
FN:110,(anonymous_4)
FN:129,(anonymous_5)
FN:134,(anonymous_6)
FN:140,(anonymous_7)
FN:152,(anonymous_8)
FN:161,(anonymous_9)
FN:209,(anonymous_10)
FN:214,(anonymous_11)
FN:222,(anonymous_12)
FN:229,(anonymous_13)
FN:234,(anonymous_14)
FN:239,(anonymous_15)
FN:331,(anonymous_16)
FN:356,(anonymous_17)
FN:387,(anonymous_18)
FN:404,(anonymous_19)
FN:412,(anonymous_20)
FN:420,(anonymous_21)
FN:442,(anonymous_22)
FN:446,getData
FN:453,(anonymous_24)
FN:462,(anonymous_25)
FN:469,(anonymous_26)
FN:514,(anonymous_27)
FN:520,(anonymous_28)
FNF:29
FNH:16
FNDA:10,(anonymous_0)
FNDA:3,(anonymous_1)
FNDA:2,(anonymous_2)
FNDA:0,(anonymous_3)
FNDA:1,(anonymous_4)
FNDA:1,(anonymous_5)
FNDA:0,(anonymous_6)
FNDA:2,(anonymous_7)
FNDA:1,(anonymous_8)
FNDA:1,(anonymous_9)
FNDA:0,(anonymous_10)
FNDA:1,(anonymous_11)
FNDA:1,(anonymous_12)
FNDA:0,(anonymous_13)
FNDA:0,(anonymous_14)
FNDA:15,(anonymous_15)
FNDA:17,(anonymous_16)
FNDA:0,(anonymous_17)
FNDA:0,(anonymous_18)
FNDA:0,(anonymous_19)
FNDA:0,(anonymous_20)
FNDA:0,(anonymous_21)
FNDA:0,(anonymous_22)
FNDA:1,getData
FNDA:1,(anonymous_24)
FNDA:0,(anonymous_25)
FNDA:0,(anonymous_26)
FNDA:2,(anonymous_27)
FNDA:1,(anonymous_28)
DA:19,5
DA:20,5
DA:28,5
DA:32,10
DA:33,10
DA:35,10
DA:36,10
DA:37,10
DA:38,10
DA:40,10
DA:50,3
DA:51,3
DA:54,3
DA:56,3
DA:57,1
DA:64,1
DA:67,2
DA:68,2
DA:69,2
DA:70,2
DA:72,2
DA:73,2
DA:74,2
DA:75,0
DA:77,2
DA:78,2
DA:79,2
DA:80,2
DA:84,2
DA:92,2
DA:93,0
DA:95,2
DA:96,0
DA:102,0
DA:103,0
DA:104,0
DA:111,1
DA:112,1
DA:114,1
DA:116,1
DA:117,1
DA:118,0
DA:120,1
DA:128,1
DA:130,1
DA:131,1
DA:137,1
DA:141,2
DA:142,2
DA:143,2
DA:144,1
DA:145,1
DA:146,1
DA:149,1
DA:153,1
DA:154,1
DA:156,1
DA:157,1
DA:158,1
DA:160,1
DA:161,1
DA:162,1
DA:163,0
DA:165,1
DA:166,1
DA:167,1
DA:168,1
DA:170,1
DA:173,1
DA:209,0
DA:215,1
DA:217,1
DA:218,1
DA:223,1
DA:224,1
DA:225,1
DA:227,1
DA:228,0
DA:230,0
DA:231,0
DA:240,15
DA:244,15
DA:245,15
DA:246,15
DA:247,15
DA:248,1
DA:250,15
DA:251,13
DA:254,15
DA:262,15
DA:332,17
DA:333,17
DA:335,17
DA:337,17
DA:339,17
DA:356,0
DA:388,0
DA:389,0
DA:390,0
DA:392,0
DA:405,0
DA:406,0
DA:413,0
DA:416,0
DA:421,0
DA:442,0
DA:446,17
DA:447,1
DA:448,1
DA:451,1
DA:453,1
DA:454,1
DA:463,0
DA:464,0
DA:470,0
DA:475,17
DA:497,17
DA:501,17
DA:514,5
DA:520,5
LF:120
LH:94
BRDA:56,0,0,1
BRDA:56,0,1,2
BRDA:73,1,0,2
BRDA:73,1,1,0
BRDA:74,2,0,0
BRDA:74,2,1,2
BRDA:78,3,0,2
BRDA:78,3,1,0
BRDA:78,4,0,2
BRDA:78,4,1,2
BRDA:89,5,0,2
BRDA:89,5,1,0
BRDA:92,6,0,0
BRDA:92,6,1,2
BRDA:92,7,0,2
BRDA:92,7,1,0
BRDA:95,8,0,0
BRDA:95,8,1,2
BRDA:95,9,0,2
BRDA:95,9,1,0
BRDA:95,9,2,0
BRDA:103,10,0,0
BRDA:103,10,1,0
BRDA:117,11,0,0
BRDA:117,11,1,1
BRDA:130,12,0,1
BRDA:130,12,1,0
BRDA:143,13,0,1
BRDA:143,13,1,1
BRDA:145,14,0,1
BRDA:145,14,1,0
BRDA:160,15,0,1
BRDA:160,15,1,0
BRDA:162,16,0,0
BRDA:162,16,1,1
BRDA:162,17,0,1
BRDA:162,17,1,1
BRDA:165,18,0,1
BRDA:165,18,1,0
BRDA:184,19,0,1
BRDA:184,19,1,0
BRDA:217,20,0,1
BRDA:217,20,1,0
BRDA:227,21,0,0
BRDA:227,21,1,1
BRDA:230,22,0,0
BRDA:230,22,1,0
BRDA:247,23,0,1
BRDA:247,23,1,14
BRDA:247,24,0,15
BRDA:247,24,1,14
BRDA:250,25,0,13
BRDA:250,25,1,2
BRDA:283,26,0,0
BRDA:283,26,1,15
BRDA:356,27,0,0
BRDA:356,27,1,0
BRDA:398,28,0,0
BRDA:398,28,1,0
BRDA:402,29,0,0
BRDA:402,29,1,0
BRDA:405,30,0,0
BRDA:405,30,1,0
BRDA:442,31,0,0
BRDA:442,31,1,0
BRDA:442,32,0,0
BRDA:442,32,1,0
BRDA:448,33,0,0
BRDA:448,33,1,1
BRF:69
BRH:33
end_of_record
TN:
SF:/Users/girish.prajapati/MyDriveTwo/ui/src/main/webapp/js/components/controls/AddIntentDialog.jsx
FN:18,(anonymous_0)
FN:58,(anonymous_1)
FN:81,(anonymous_2)
FN:87,(anonymous_3)
FN:93,(anonymous_4)
FN:145,(anonymous_5)
FN:160,(anonymous_6)
FN:192,(anonymous_7)
FN:193,(anonymous_8)
FN:194,(anonymous_9)
FNF:10
FNH:0
FNDA:0,(anonymous_0)
FNDA:0,(anonymous_1)
FNDA:0,(anonymous_2)
FNDA:0,(anonymous_3)
FNDA:0,(anonymous_4)
FNDA:0,(anonymous_5)
FNDA:0,(anonymous_6)
FNDA:0,(anonymous_7)
FNDA:0,(anonymous_8)
FNDA:0,(anonymous_9)
DA:15,4
DA:19,0
DA:20,0
DA:22,0
DA:23,0
DA:24,0
DA:25,0
DA:26,0
DA:29,0
DA:43,0
DA:53,0
DA:59,0
DA:60,0
DA:62,0
DA:63,0
DA:64,0
DA:72,0
DA:82,0
DA:83,0
DA:84,0
DA:88,0
DA:89,0
DA:90,0
DA:94,0
DA:95,0
DA:105,0
DA:146,0
DA:161,0
DA:164,0
DA:165,0
DA:166,0
DA:190,4
DA:192,0
DA:197,4
LF:34
LH:3
BRDA:63,0,0,0
BRDA:63,0,1,0
BRDA:93,1,0,0
BRDA:118,2,0,0
BRDA:118,2,1,0
BRDA:125,3,0,0
BRDA:125,3,1,0
BRDA:163,4,0,0
BRF:8
BRH:0
end_of_record
TN:
SF:/Users/girish.prajapati/MyDriveTwo/ui/src/main/webapp/js/components/controls/BindColumnsPreviewGrid.jsx
FN:8,(anonymous_0)
FN:26,(anonymous_1)
FN:32,(anonymous_2)
FN:46,(anonymous_3)
FN:110,(anonymous_4)
FN:113,(anonymous_5)
FN:122,(anonymous_6)
FN:131,(anonymous_7)
FN:147,(anonymous_8)
FN:166,(anonymous_9)
FN:213,(anonymous_10)
FN:226,(anonymous_11)
FN:239,(anonymous_12)
FN:255,(anonymous_13)
FN:290,(anonymous_14)
FNF:15
FNH:0
FNDA:0,(anonymous_0)
FNDA:0,(anonymous_1)
FNDA:0,(anonymous_2)
FNDA:0,(anonymous_3)
FNDA:0,(anonymous_4)
FNDA:0,(anonymous_5)
FNDA:0,(anonymous_6)
FNDA:0,(anonymous_7)
FNDA:0,(anonymous_8)
FNDA:0,(anonymous_9)
FNDA:0,(anonymous_10)
FNDA:0,(anonymous_11)
FNDA:0,(anonymous_12)
FNDA:0,(anonymous_13)
FNDA:0,(anonymous_14)
DA:9,0
DA:10,0
DA:12,0
DA:18,0
DA:19,0
DA:20,0
DA:21,0
DA:23,0
DA:27,0
DA:33,0
DA:34,0
DA:35,0
DA:37,0
DA:40,0
DA:44,0
DA:46,0
DA:47,0
DA:48,0
DA:49,0
DA:53,0
DA:54,0
DA:58,0
DA:59,0
DA:60,0
DA:62,0
DA:63,0
DA:64,0
DA:65,0
DA:66,0
DA:67,0
DA:68,0
DA:69,0
DA:72,0
DA:73,0
DA:78,0
DA:82,0
DA:83,0
DA:84,0
DA:85,0
DA:86,0
DA:87,0
DA:90,0
DA:91,0
DA:92,0
DA:93,0
DA:95,0
DA:96,0
DA:103,0
DA:104,0
DA:114,0
DA:115,0
DA:116,0
DA:118,0
DA:119,0
DA:122,0
DA:123,0
DA:124,0
DA:126,0
DA:131,0
DA:132,0
DA:133,0
DA:134,0
DA:135,0
DA:140,0
DA:142,0
DA:147,0
DA:148,0
DA:149,0
DA:150,0
DA:151,0
DA:157,0
DA:158,0
DA:159,0
DA:163,0
DA:166,0
DA:167,0
DA:168,0
DA:169,0
DA:170,0
DA:172,0
DA:173,0
DA:175,0
DA:176,0
DA:178,0
DA:180,0
DA:181,0
DA:182,0
DA:183,0
DA:184,0
DA:188,0
DA:193,0
DA:194,0
DA:195,0
DA:196,0
DA:198,0
DA:199,0
DA:206,0
DA:208,0
DA:209,0
DA:214,0
DA:215,0
DA:216,0
DA:219,0
DA:220,0
DA:221,0
DA:222,0
DA:223,0
DA:224,0
DA:225,0
DA:226,0
DA:230,0
DA:239,0
DA:244,0
DA:256,0
DA:257,0
DA:258,0
DA:259,0
DA:262,0
DA:263,0
DA:264,0
DA:265,0
DA:266,0
DA:267,0
DA:274,0
DA:281,0
DA:291,0
DA:323,7
LF:127
LH:1
BRDA:53,0,0,0
BRDA:53,0,1,0
BRDA:59,1,0,0
BRDA:59,1,1,0
BRDA:65,2,0,0
BRDA:65,2,1,0
BRDA:72,3,0,0
BRDA:72,3,1,0
BRDA:82,4,0,0
BRDA:82,4,1,0
BRDA:82,5,0,0
BRDA:82,5,1,0
BRDA:85,6,0,0
BRDA:85,6,1,0
BRDA:92,7,0,0
BRDA:92,7,1,0
BRDA:103,8,0,0
BRDA:103,8,1,0
BRDA:115,9,0,0
BRDA:115,9,1,0
BRDA:118,10,0,0
BRDA:118,10,1,0
BRDA:118,11,0,0
BRDA:118,11,1,0
BRDA:118,11,2,0
BRDA:133,12,0,0
BRDA:133,12,1,0
BRDA:140,13,0,0
BRDA:140,13,1,0
BRDA:149,14,0,0
BRDA:149,14,1,0
BRDA:157,15,0,0
BRDA:157,15,1,0
BRDA:157,16,0,0
BRDA:157,16,1,0
BRDA:172,17,0,0
BRDA:172,17,1,0
BRDA:175,18,0,0
BRDA:175,18,1,0
BRDA:182,19,0,0
BRDA:182,19,1,0
BRDA:195,20,0,0
BRDA:195,20,1,0
BRDA:206,21,0,0
BRDA:206,21,1,0
BRDA:208,22,0,0
BRDA:208,22,1,0
BRDA:215,23,0,0
BRDA:215,23,1,0
BRDA:226,24,0,0
BRDA:226,24,1,0
BRDA:226,24,2,0
BRDA:231,25,0,0
BRDA:231,25,1,0
BRDA:258,26,0,0
BRDA:258,26,1,0
BRDA:269,27,0,0
BRDA:269,27,1,0
BRF:58
BRH:0
end_of_record
TN:
SF:/Users/girish.prajapati/MyDriveTwo/ui/src/main/webapp/js/components/controls/ColumnSelectorDialog.jsx
FN:8,(anonymous_0)
FN:27,(anonymous_1)
FN:42,(anonymous_2)
FN:48,(anonymous_3)
FN:77,(anonymous_4)
FN:83,(anonymous_5)
FN:90,(anonymous_6)
FN:98,(anonymous_7)
FN:121,(anonymous_8)
FNF:9
FNH:7
FNDA:6,(anonymous_0)
FNDA:6,(anonymous_1)
FNDA:1,(anonymous_2)
FNDA:1,(anonymous_3)
FNDA:9,(anonymous_4)
FNDA:49,(anonymous_5)
FNDA:0,(anonymous_6)
FNDA:9,(anonymous_7)
FNDA:0,(anonymous_8)
DA:9,6
DA:10,6
DA:12,6
DA:13,6
DA:14,6
DA:16,6
DA:22,6
DA:28,6
DA:30,6
DA:31,6
DA:32,0
DA:33,0
DA:36,0
DA:38,0
DA:43,1
DA:45,1
DA:49,1
DA:51,1
DA:53,1
DA:54,1
DA:60,1
DA:61,1
DA:62,1
DA:66,1
DA:70,1
DA:71,1
DA:73,1
DA:74,1
DA:78,9
DA:79,9
DA:82,9
DA:83,9
DA:84,49
DA:90,0
DA:95,9
DA:99,9
DA:101,9
DA:120,4
DA:128,4
LF:39
LH:34
BRDA:31,0,0,0
BRDA:31,0,1,6
BRDA:33,1,0,0
BRDA:33,1,1,0
BRDA:62,2,0,1
BRDA:62,2,1,1
BRDA:82,3,0,9
BRDA:82,3,1,0
BRDA:86,4,0,1
BRDA:86,4,1,48
BRDA:86,5,0,49
BRDA:86,5,1,7
BRF:12
BRH:8
end_of_record
TN:
SF:/Users/girish.prajapati/MyDriveTwo/ui/src/main/webapp/js/components/controls/CreateModelDialog.js
FN:15,(anonymous_0)
FN:46,(anonymous_1)
FN:47,(anonymous_2)
FN:51,(anonymous_3)
FN:55,(anonymous_4)
FN:60,(anonymous_5)
FN:71,(anonymous_6)
FN:84,(anonymous_7)
FN:145,(anonymous_8)
FN:148,(anonymous_9)
FN:149,(anonymous_10)
FNF:11
FNH:5
FNDA:6,(anonymous_0)
FNDA:0,(anonymous_1)
FNDA:0,(anonymous_2)
FNDA:0,(anonymous_3)
FNDA:1,(anonymous_4)
FNDA:1,(anonymous_5)
FNDA:2,(anonymous_6)
FNDA:9,(anonymous_7)
FNDA:0,(anonymous_8)
FNDA:0,(anonymous_9)
FNDA:0,(anonymous_10)
DA:16,6
DA:17,6
DA:18,6
DA:20,6
DA:21,6
DA:22,6
DA:23,6
DA:25,6
DA:39,6
DA:44,6
DA:46,0
DA:47,0
DA:52,0
DA:56,1
DA:57,1
DA:61,1
DA:62,1
DA:63,1
DA:68,1
DA:72,2
DA:73,1
DA:77,1
DA:78,1
DA:87,9
DA:89,9
DA:91,9
DA:131,4
DA:144,4
LF:28
LH:25
BRDA:46,0,0,0
BRDA:47,1,0,0
BRDA:72,2,0,1
BRDA:72,2,1,1
BRDA:77,3,0,1
BRDA:77,3,1,0
BRF:6
BRH:3
end_of_record
TN:
SF:/Users/girish.prajapati/MyDriveTwo/ui/src/main/webapp/js/components/controls/CreateVersionDialog.jsx
FN:16,(anonymous_0)
FN:40,(anonymous_1)
FN:47,(anonymous_2)
FN:54,(anonymous_3)
FN:61,(anonymous_4)
FN:66,(anonymous_5)
FN:87,(anonymous_6)
FN:172,(anonymous_7)
FNF:8
FNH:7
FNDA:7,(anonymous_0)
FNDA:8,(anonymous_1)
FNDA:1,(anonymous_2)
FNDA:1,(anonymous_3)
FNDA:1,(anonymous_4)
FNDA:2,(anonymous_5)
FNDA:13,(anonymous_6)
FNDA:0,(anonymous_7)
DA:17,7
DA:18,7
DA:19,7
DA:20,7
DA:21,7
DA:22,7
DA:23,7
DA:28,7
DA:43,8
DA:44,8
DA:48,1
DA:55,1
DA:62,1
DA:63,1
DA:69,2
DA:72,2
DA:73,2
DA:74,1
DA:75,1
DA:76,1
DA:77,1
DA:80,2
DA:81,1
DA:82,1
DA:83,1
DA:88,13
DA:91,13
DA:94,13
DA:96,13
DA:166,4
DA:171,4
LF:31
LH:31
BRDA:73,0,0,1
BRDA:73,0,1,1
BRDA:74,1,0,1
BRDA:74,1,1,0
BRDA:80,2,0,1
BRDA:80,2,1,1
BRDA:107,3,0,13
BRDA:107,3,1,11
BRF:8
BRH:7
end_of_record
TN:
SF:/Users/girish.prajapati/MyDriveTwo/ui/src/main/webapp/js/components/controls/DatasetColumnMapperDialog.js
FN:16,(anonymous_0)
FN:33,(anonymous_1)
FN:40,(anonymous_2)
FN:45,(anonymous_3)
FN:50,(anonymous_4)
FN:55,(anonymous_5)
FN:62,(anonymous_6)
FN:69,(anonymous_7)
FN:81,(anonymous_8)
FN:142,(anonymous_9)
FN:148,(anonymous_10)
FN:154,(anonymous_11)
FN:188,(anonymous_12)
FN:190,(anonymous_13)
FNF:14
FNH:9
FNDA:6,(anonymous_0)
FNDA:1,(anonymous_1)
FNDA:1,(anonymous_2)
FNDA:1,(anonymous_3)
FNDA:1,(anonymous_4)
FNDA:1,(anonymous_5)
FNDA:1,(anonymous_6)
FNDA:9,(anonymous_7)
FNDA:18,(anonymous_8)
FNDA:0,(anonymous_9)
FNDA:0,(anonymous_10)
FNDA:0,(anonymous_11)
FNDA:0,(anonymous_12)
FNDA:0,(anonymous_13)
DA:17,6
DA:18,6
DA:20,6
DA:21,6
DA:22,6
DA:23,6
DA:24,6
DA:25,6
DA:26,6
DA:34,1
DA:35,1
DA:36,1
DA:37,1
DA:41,1
DA:42,1
DA:43,1
DA:46,1
DA:51,1
DA:52,1
DA:58,1
DA:59,1
DA:63,1
DA:70,9
DA:71,9
DA:75,9
DA:77,9
DA:78,9
DA:79,9
DA:80,9
DA:81,9
DA:82,18
DA:83,18
DA:84,9
DA:85,9
DA:87,18
DA:88,9
DA:90,9
DA:95,9
DA:142,0
DA:148,0
DA:154,0
DA:181,4
DA:187,4
LF:43
LH:40
BRDA:80,0,0,9
BRDA:80,0,1,0
BRDA:80,1,0,9
BRDA:80,1,1,9
BRDA:83,2,0,9
BRDA:83,2,1,9
BRDA:87,3,0,9
BRDA:87,3,1,9
BRDA:88,4,0,9
BRDA:88,4,1,0
BRDA:90,5,0,0
BRDA:90,5,1,9
BRDA:101,6,0,9
BRDA:101,6,1,0
BRDA:101,7,0,9
BRDA:101,7,1,9
BRDA:105,8,0,0
BRDA:105,8,1,9
BRDA:133,9,0,9
BRDA:133,9,1,0
BRDA:141,10,0,9
BRDA:141,10,1,0
BRDA:142,11,0,9
BRDA:142,11,1,0
BRDA:147,12,0,9
BRDA:147,12,1,0
BRDA:148,13,0,9
BRDA:148,13,1,0
BRDA:153,14,0,9
BRDA:153,14,1,0
BRDA:154,15,0,9
BRDA:154,15,1,0
BRF:32
BRH:20
end_of_record
TN:
SF:/Users/girish.prajapati/MyDriveTwo/ui/src/main/webapp/js/components/controls/DatasetDialog.js
FN:20,(anonymous_0)
FN:52,(anonymous_1)
FN:53,(anonymous_2)
FN:57,(anonymous_3)
FN:61,(anonymous_4)
FN:66,(anonymous_5)
FN:89,(anonymous_6)
FN:102,(anonymous_7)
FN:165,(anonymous_8)
FN:168,(anonymous_9)
FN:169,(anonymous_10)
FNF:11
FNH:5
FNDA:4,(anonymous_0)
FNDA:0,(anonymous_1)
FNDA:0,(anonymous_2)
FNDA:0,(anonymous_3)
FNDA:1,(anonymous_4)
FNDA:1,(anonymous_5)
FNDA:2,(anonymous_6)
FNDA:6,(anonymous_7)
FNDA:0,(anonymous_8)
FNDA:0,(anonymous_9)
FNDA:0,(anonymous_10)
DA:21,4
DA:22,4
DA:23,4
DA:25,4
DA:26,4
DA:27,4
DA:28,4
DA:30,4
DA:44,4
DA:50,4
DA:52,0
DA:53,0
DA:58,0
DA:62,1
DA:63,1
DA:67,1
DA:70,1
DA:71,1
DA:73,1
DA:75,1
DA:82,1
DA:83,1
DA:86,1
DA:90,2
DA:91,1
DA:95,1
DA:96,1
DA:105,6
DA:107,6
DA:108,6
DA:110,6
DA:150,4
DA:164,4
LF:33
LH:30
BRDA:52,0,0,0
BRDA:82,1,0,1
BRDA:82,1,1,0
BRDA:90,2,0,1
BRDA:90,2,1,1
BRDA:90,3,0,2
BRDA:90,3,1,1
BRDA:95,4,0,1
BRDA:95,4,1,0
BRDA:133,5,0,0
BRDA:133,5,1,6
BRDA:134,6,0,0
BRDA:134,6,1,6
BRF:13
BRH:8
end_of_record
TN:
SF:/Users/girish.prajapati/MyDriveTwo/ui/src/main/webapp/js/components/controls/DeleteDialog.js
FN:9,(anonymous_0)
FN:21,(anonymous_1)
FN:26,(anonymous_2)
FN:56,(anonymous_3)
FNF:4
FNH:3
FNDA:3,(anonymous_0)
FNDA:1,(anonymous_1)
FNDA:3,(anonymous_2)
FNDA:0,(anonymous_3)
DA:10,3
DA:11,3
DA:12,3
DA:13,3
DA:22,1
DA:23,1
DA:29,3
DA:31,3
DA:54,4
DA:61,4
LF:10
LH:10
BRF:0
BRH:0
end_of_record
TN:
SF:/Users/girish.prajapati/MyDriveTwo/ui/src/main/webapp/js/components/controls/Downloader.jsx
FN:9,(anonymous_0)
FN:15,(anonymous_1)
FN:26,(anonymous_2)
FN:38,(anonymous_3)
FNF:4
FNH:4
FNDA:8,(anonymous_0)
FNDA:1,(anonymous_1)
FNDA:3,(anonymous_2)
FNDA:9,(anonymous_3)
DA:10,8
DA:11,8
DA:12,8
DA:17,1
DA:18,1
DA:19,1
DA:20,1
DA:21,1
DA:22,1
DA:23,1
DA:27,3
DA:32,3
DA:33,3
DA:34,2
DA:41,9
DA:43,9
DA:45,9
DA:65,8
DA:77,8
LF:19
LH:19
BRDA:33,0,0,2
BRDA:33,0,1,1
BRDA:40,1,0,0
BRDA:54,2,0,8
BRDA:54,2,1,1
BRF:5
BRH:4
end_of_record
TN:
SF:/Users/girish.prajapati/MyDriveTwo/ui/src/main/webapp/js/components/controls/LinkDialog.js
FN:10,(anonymous_0)
FN:41,(anonymous_1)
FN:49,(anonymous_2)
FN:58,(anonymous_3)
FN:64,(anonymous_4)
FN:75,(anonymous_5)
FN:120,(anonymous_6)
FNF:7
FNH:7
FNDA:9,(anonymous_0)
FNDA:1,(anonymous_1)
FNDA:3,(anonymous_2)
FNDA:1,(anonymous_3)
FNDA:2,(anonymous_4)
FNDA:12,(anonymous_5)
FNDA:1,(anonymous_6)
DA:11,9
DA:12,9
DA:13,9
DA:14,9
DA:15,9
DA:16,9
DA:18,9
DA:22,9
DA:42,1
DA:43,1
DA:44,1
DA:51,3
DA:53,2
DA:54,2
DA:59,1
DA:60,1
DA:61,1
DA:65,2
DA:66,2
DA:67,2
DA:72,2
DA:76,12
DA:77,12
DA:79,12
DA:112,4
DA:119,4
LF:26
LH:26
BRDA:51,0,0,2
BRDA:51,0,1,1
BRDA:51,1,0,3
BRDA:51,1,1,2
BRDA:88,2,0,12
BRDA:88,2,1,12
BRF:6
BRH:6
end_of_record
TN:
SF:/Users/girish.prajapati/MyDriveTwo/ui/src/main/webapp/js/components/controls/MultipleCheckboxFilter.jsx
FN:10,(anonymous_0)
FN:19,(anonymous_1)
FN:34,(anonymous_2)
FN:44,(anonymous_3)
FN:56,(anonymous_4)
FN:68,(anonymous_5)
FN:97,(anonymous_6)
FN:108,(anonymous_7)
FN:123,(anonymous_8)
FN:180,(anonymous_9)
FNF:10
FNH:8
FNDA:9,(anonymous_0)
FNDA:4,(anonymous_1)
FNDA:9,(anonymous_2)
FNDA:36,(anonymous_3)
FNDA:0,(anonymous_4)
FNDA:3,(anonymous_5)
FNDA:3,(anonymous_6)
FNDA:3,(anonymous_7)
FNDA:9,(anonymous_8)
FNDA:0,(anonymous_9)
DA:11,9
DA:13,9
DA:14,9
DA:15,9
DA:16,9
DA:20,4
DA:21,4
DA:22,4
DA:23,4
DA:24,1
DA:26,3
DA:28,4
DA:29,1
DA:31,3
DA:41,9
DA:42,9
DA:44,9
DA:45,36
DA:46,36
DA:47,36
DA:48,4
DA:50,36
DA:56,0
DA:65,9
DA:69,3
DA:70,3
DA:71,3
DA:72,3
DA:73,3
DA:74,6
DA:75,6
DA:76,12
DA:84,12
DA:86,6
DA:94,3
DA:98,3
DA:99,3
DA:100,3
DA:101,3
DA:109,3
DA:111,3
DA:113,3
DA:114,0
DA:115,3
DA:116,0
DA:117,3
DA:118,0
DA:120,3
DA:126,9
DA:128,9
DA:129,3
DA:139,6
DA:156,10
DA:174,10
LF:54
LH:50
BRDA:23,0,0,1
BRDA:23,0,1,3
BRDA:28,1,0,1
BRDA:28,1,1,3
BRDA:28,2,0,4
BRDA:28,2,1,1
BRDA:47,3,0,4
BRDA:47,3,1,32
BRDA:75,4,0,18
BRDA:75,4,1,15
BRDA:97,5,0,0
BRDA:102,6,0,0
BRDA:102,6,1,3
BRDA:113,7,0,0
BRDA:113,7,1,3
BRDA:113,8,0,3
BRDA:113,8,1,0
BRDA:113,8,2,0
BRDA:115,9,0,0
BRDA:115,9,1,3
BRDA:115,10,0,3
BRDA:115,10,1,0
BRDA:115,10,2,0
BRDA:117,11,0,0
BRDA:117,11,1,3
BRDA:128,12,0,3
BRDA:128,12,1,6
BRDA:131,13,0,2
BRDA:131,13,1,1
BRDA:142,14,0,1
BRDA:142,14,1,5
BRDA:146,15,0,5
BRDA:146,15,1,1
BRF:33
BRH:24
end_of_record
TN:
SF:/Users/girish.prajapati/MyDriveTwo/ui/src/main/webapp/js/components/controls/Placeholder.jsx
FN:5,(anonymous_0)
FNF:1
FNH:1
FNDA:12,(anonymous_0)
DA:8,12
DA:9,12
DA:10,3
DA:23,9
DA:35,22
DA:40,22
LF:6
LH:6
BRDA:9,0,0,3
BRDA:9,0,1,9
BRF:2
BRH:2
end_of_record
TN:
SF:/Users/girish.prajapati/MyDriveTwo/ui/src/main/webapp/js/components/controls/ProgressDialog.js
FN:9,(anonymous_0)
FN:17,(anonymous_1)
FN:26,(anonymous_2)
FN:31,(anonymous_3)
FN:36,(anonymous_4)
FN:104,(anonymous_5)
FNF:6
FNH:4
FNDA:6,(anonymous_0)
FNDA:7,(anonymous_1)
FNDA:1,(anonymous_2)
FNDA:0,(anonymous_3)
FNDA:6,(anonymous_4)
FNDA:0,(anonymous_5)
DA:10,6
DA:11,6
DA:13,6
DA:14,6
DA:20,7
DA:21,7
DA:22,5
DA:27,1
DA:28,1
DA:32,0
DA:33,0
DA:41,6
DA:43,6
DA:73,4
DA:88,4
LF:15
LH:13
BRDA:21,0,0,5
BRDA:21,0,1,2
BRDA:21,1,0,7
BRDA:21,1,1,5
BRDA:65,2,0,6
BRDA:65,2,1,6
BRF:6
BRH:6
end_of_record
TN:
SF:/Users/girish.prajapati/MyDriveTwo/ui/src/main/webapp/js/components/controls/PromoteDialog.js
FN:10,(anonymous_0)
FN:34,(anonymous_1)
FN:40,(anonymous_2)
FN:46,(anonymous_3)
FN:52,(anonymous_4)
FN:99,(anonymous_5)
FN:100,(anonymous_6)
FNF:7
FNH:5
FNDA:5,(anonymous_0)
FNDA:1,(anonymous_1)
FNDA:1,(anonymous_2)
FNDA:1,(anonymous_3)
FNDA:7,(anonymous_4)
FNDA:0,(anonymous_5)
FNDA:0,(anonymous_6)
DA:11,5
DA:12,5
DA:13,5
DA:14,5
DA:15,5
DA:17,5
DA:21,5
DA:35,1
DA:41,1
DA:42,1
DA:43,1
DA:47,1
DA:48,1
DA:49,1
DA:53,7
DA:56,7
DA:59,7
DA:61,7
DA:91,4
DA:98,4
LF:20
LH:20
BRF:0
BRH:0
end_of_record
TN:
SF:/Users/girish.prajapati/MyDriveTwo/ui/src/main/webapp/js/components/controls/RecordSpeechDialog.jsx
FN:20,(anonymous_0)
FN:88,(anonymous_1)
FN:95,(anonymous_2)
FN:110,(anonymous_3)
FN:117,(anonymous_4)
FN:124,(anonymous_5)
FN:136,(anonymous_6)
FN:141,(anonymous_7)
FN:157,(anonymous_8)
FN:163,(anonymous_9)
FN:167,(anonymous_10)
FN:208,(anonymous_11)
FN:292,(anonymous_12)
FN:326,(anonymous_13)
FN:327,(anonymous_14)
FNF:15
FNH:13
FNDA:23,(anonymous_0)
FNDA:2,(anonymous_1)
FNDA:5,(anonymous_2)
FNDA:2,(anonymous_3)
FNDA:2,(anonymous_4)
FNDA:4,(anonymous_5)
FNDA:1,(anonymous_6)
FNDA:2,(anonymous_7)
FNDA:3,(anonymous_8)
FNDA:2,(anonymous_9)
FNDA:47,(anonymous_10)
FNDA:47,(anonymous_11)
FNDA:47,(anonymous_12)
FNDA:0,(anonymous_13)
FNDA:0,(anonymous_14)
DA:17,4
DA:21,23
DA:22,23
DA:24,23
DA:31,23
DA:38,23
DA:48,23
DA:52,23
DA:53,23
DA:54,23
DA:55,23
DA:56,23
DA:57,23
DA:58,23
DA:59,23
DA:60,23
DA:62,23
DA:63,23
DA:64,23
DA:89,2
DA:96,5
DA:97,5
DA:98,2
DA:101,2
DA:102,2
DA:104,3
DA:111,2
DA:113,2
DA:114,2
DA:118,2
DA:119,2
DA:125,4
DA:126,4
DA:138,1
DA:142,2
DA:143,2
DA:144,2
DA:150,1
DA:151,1
DA:153,1
DA:158,3
DA:164,2
DA:168,47
DA:169,47
DA:170,47
DA:172,3
DA:173,3
DA:176,7
DA:177,7
DA:178,7
DA:196,7
DA:198,37
DA:200,47
DA:209,47
DA:215,47
DA:217,47
DA:220,40
DA:259,7
DA:288,0
DA:293,47
DA:297,47
DA:298,47
DA:324,4
DA:330,4
LF:64
LH:63
BRDA:97,0,0,2
BRDA:97,0,1,3
BRDA:100,1,0,1
BRDA:144,2,0,1
BRDA:144,2,1,1
BRDA:167,3,0,47
BRDA:170,4,0,3
BRDA:170,4,1,5
BRDA:170,4,2,7
BRDA:170,4,3,37
BRDA:217,5,0,37
BRDA:217,5,1,40
BRDA:217,5,2,5
BRDA:217,5,3,7
BRDA:217,5,4,0
BRDA:222,6,0,3
BRDA:222,6,1,37
BRF:17
BRH:16
end_of_record
TN:
SF:/Users/girish.prajapati/MyDriveTwo/ui/src/main/webapp/js/components/controls/SimpleDialog.jsx
FN:9,(anonymous_0)
FN:17,(anonymous_1)
FN:25,(anonymous_2)
FN:34,(anonymous_3)
FN:68,(anonymous_4)
FNF:5
FNH:5
FNDA:8,(anonymous_0)
FNDA:1,(anonymous_1)
FNDA:1,(anonymous_2)
FNDA:8,(anonymous_3)
FNDA:8,(anonymous_4)
DA:10,8
DA:11,8
DA:13,8
DA:14,8
DA:18,1
DA:19,1
DA:21,0
DA:26,1
DA:27,1
DA:29,0
DA:35,8
DA:37,8
DA:38,8
DA:41,8
DA:42,8
DA:43,8
DA:55,8
DA:56,8
DA:65,8
DA:69,8
DA:71,8
DA:83,7
DA:84,7
DA:85,7
LF:24
LH:22
BRDA:18,0,0,1
BRDA:18,0,1,0
BRDA:26,1,0,1
BRDA:26,1,1,0
BRDA:37,2,0,8
BRDA:37,2,1,0
BRDA:42,3,0,8
BRDA:42,3,1,0
BRDA:55,4,0,8
BRDA:55,4,1,0
BRDA:74,5,0,8
BRDA:74,5,1,2
BRDA:75,6,0,8
BRDA:75,6,1,8
BRDA:77,7,0,0
BRDA:77,7,1,8
BRF:16
BRH:10
end_of_record
TN:
SF:/Users/girish.prajapati/MyDriveTwo/ui/src/main/webapp/js/components/controls/TaggerCascadeMenu.jsx
FN:11,(anonymous_0)
FN:22,(anonymous_1)
FN:30,(anonymous_2)
FN:35,(anonymous_3)
FN:91,(anonymous_4)
FNF:5
FNH:0
FNDA:0,(anonymous_0)
FNDA:0,(anonymous_1)
FNDA:0,(anonymous_2)
FNDA:0,(anonymous_3)
FNDA:0,(anonymous_4)
DA:12,0
DA:13,0
DA:15,0
DA:17,0
DA:23,0
DA:25,0
DA:31,0
DA:32,0
DA:36,0
DA:37,0
DA:39,0
DA:40,0
DA:42,0
DA:43,0
DA:44,0
DA:45,0
DA:46,0
DA:48,0
DA:78,0
DA:92,0
DA:93,0
DA:98,3
LF:22
LH:1
BRDA:36,0,0,0
BRDA:36,0,1,0
BRDA:36,1,0,0
BRDA:36,1,1,0
BRDA:36,1,2,0
BRDA:45,2,0,0
BRDA:45,2,1,0
BRDA:45,3,0,0
BRDA:45,3,1,0
BRDA:45,3,2,0
BRDA:50,4,0,0
BRDA:50,4,1,0
BRDA:50,5,0,0
BRDA:50,5,1,0
BRDA:56,6,0,0
BRDA:56,6,1,0
BRDA:59,7,0,0
BRDA:59,7,1,0
BRDA:60,8,0,0
BRDA:60,8,1,0
BRDA:60,9,0,0
BRDA:60,9,1,0
BRDA:66,10,0,0
BRDA:66,10,1,0
BRDA:66,11,0,0
BRDA:66,11,1,0
BRDA:71,12,0,0
BRDA:71,12,1,0
BRDA:71,13,0,0
BRDA:71,13,1,0
BRDA:71,13,2,0
BRDA:72,14,0,0
BRDA:72,14,1,0
BRDA:72,15,0,0
BRDA:72,15,1,0
BRDA:78,16,0,0
BRDA:78,16,1,0
BRDA:83,17,0,0
BRDA:83,17,1,0
BRF:39
BRH:0
end_of_record
TN:
SF:/Users/girish.prajapati/MyDriveTwo/ui/src/main/webapp/js/components/controls/TaggerContextMenuContainer.jsx
FN:7,(anonymous_0)
FN:36,(anonymous_1)
FN:42,(anonymous_2)
FN:47,(anonymous_3)
FN:52,(anonymous_4)
FN:56,(anonymous_5)
FN:87,(anonymous_6)
FN:91,(anonymous_7)
FN:92,(anonymous_8)
FNF:9
FNH:0
FNDA:0,(anonymous_0)
FNDA:0,(anonymous_1)
FNDA:0,(anonymous_2)
FNDA:0,(anonymous_3)
FNDA:0,(anonymous_4)
FNDA:0,(anonymous_5)
FNDA:0,(anonymous_6)
FNDA:0,(anonymous_7)
FNDA:0,(anonymous_8)
DA:14,0
DA:15,0
DA:16,0
DA:17,0
DA:18,0
DA:19,0
DA:20,0
DA:23,0
DA:27,0
DA:28,0
DA:31,0
DA:37,0
DA:38,0
DA:39,0
DA:43,0
DA:48,0
DA:53,0
DA:57,0
DA:58,0
DA:65,0
DA:76,3
DA:81,3
DA:87,3
DA:91,3
DA:93,0
LF:25
LH:4
BRDA:14,0,0,0
BRDA:14,0,1,0
BRDA:15,1,0,0
BRDA:15,1,1,0
BRDA:16,2,0,0
BRDA:16,2,1,0
BRDA:16,2,2,0
BRDA:19,3,0,0
BRDA:19,3,1,0
BRDA:19,4,0,0
BRDA:19,4,1,0
BRDA:22,5,0,0
BRDA:22,5,1,0
BRDA:22,5,2,0
BRDA:22,5,3,0
BRDA:22,5,4,0
BRDA:25,6,0,0
BRDA:25,6,1,0
BRDA:25,6,2,0
BRDA:25,6,3,0
BRDA:25,6,4,0
BRDA:27,7,0,0
BRDA:27,7,1,0
BRDA:27,7,2,0
BRDA:27,7,3,0
BRDA:27,7,4,0
BRDA:28,8,0,0
BRDA:28,8,1,0
BRDA:28,8,2,0
BRDA:28,8,3,0
BRDA:28,8,4,0
BRDA:59,9,0,0
BRDA:59,9,1,0
BRDA:60,10,0,0
BRDA:60,10,1,0
BRF:35
BRH:0
end_of_record
TN:
SF:/Users/girish.prajapati/MyDriveTwo/ui/src/main/webapp/js/components/controls/TaggerModal.jsx
FN:8,(anonymous_0)
FN:13,(anonymous_1)
FNF:2
FNH:2
FNDA:7,(anonymous_0)
FNDA:7,(anonymous_1)
DA:9,7
DA:10,7
DA:16,7
DA:17,7
DA:47,10
LF:5
LH:5
BRDA:24,0,0,1
BRDA:24,0,1,6
BRDA:25,1,0,3
BRDA:25,1,1,4
BRDA:31,2,0,0
BRDA:31,2,1,7
BRDA:36,3,0,0
BRDA:36,3,1,7
BRDA:39,4,0,0
BRDA:39,4,1,7
BRF:10
BRH:7
end_of_record
TN:
SF:/Users/girish.prajapati/MyDriveTwo/ui/src/main/webapp/js/components/controls/TaggerSearchInput.jsx
FN:8,(anonymous_0)
FN:26,(anonymous_1)
FN:32,(anonymous_2)
FN:38,(anonymous_3)
FN:48,(anonymous_4)
FN:52,(anonymous_5)
FN:61,(anonymous_6)
FN:68,(anonymous_7)
FN:75,(anonymous_8)
FN:104,(anonymous_9)
FNF:10
FNH:0
FNDA:0,(anonymous_0)
FNDA:0,(anonymous_1)
FNDA:0,(anonymous_2)
FNDA:0,(anonymous_3)
FNDA:0,(anonymous_4)
FNDA:0,(anonymous_5)
FNDA:0,(anonymous_6)
FNDA:0,(anonymous_7)
FNDA:0,(anonymous_8)
FNDA:0,(anonymous_9)
DA:9,0
DA:10,0
DA:12,0
DA:16,0
DA:18,0
DA:19,0
DA:20,0
DA:21,0
DA:22,0
DA:23,0
DA:27,0
DA:33,0
DA:39,0
DA:42,0
DA:43,0
DA:44,0
DA:49,0
DA:52,0
DA:53,0
DA:55,0
DA:56,0
DA:57,0
DA:62,0
DA:63,0
DA:64,0
DA:69,0
DA:70,0
DA:71,0
DA:81,0
DA:86,0
DA:88,0
DA:104,0
DA:132,5
LF:33
LH:1
BRDA:43,0,0,0
BRDA:43,0,1,0
BRDA:56,1,0,0
BRDA:56,1,1,0
BRDA:63,2,0,0
BRDA:63,2,1,0
BRDA:70,3,0,0
BRDA:70,3,1,0
BRDA:70,4,0,0
BRDA:70,4,1,0
BRDA:93,5,0,0
BRDA:93,5,1,0
BRDA:94,6,0,0
BRDA:94,6,1,0
BRDA:95,7,0,0
BRDA:95,7,1,0
BRF:16
BRH:0
end_of_record
TN:
SF:/Users/girish.prajapati/MyDriveTwo/ui/src/main/webapp/js/components/controls/UnauthorizedUserDialog.jsx
FN:8,(anonymous_0)
FN:14,(anonymous_1)
FN:19,(anonymous_2)
FNF:3
FNH:3
FNDA:11,(anonymous_0)
FNDA:1,(anonymous_1)
FNDA:51,(anonymous_2)
DA:9,11
DA:10,11
DA:11,11
DA:15,1
DA:16,1
DA:20,51
DA:21,51
DA:30,51
DA:52,4
DA:57,4
LF:10
LH:10
BRF:0
BRH:0
end_of_record
TN:
SF:/Users/girish.prajapati/MyDriveTwo/ui/src/main/webapp/js/components/controls/grid/CellEditable.jsx
FN:9,(anonymous_0)
FN:28,(anonymous_1)
FN:62,(anonymous_2)
FN:66,(anonymous_3)
FN:70,(anonymous_4)
FN:77,(anonymous_5)
FN:87,(anonymous_6)
FN:107,(anonymous_7)
FN:171,(anonymous_8)
FN:186,(anonymous_9)
FN:196,(anonymous_10)
FN:206,(anonymous_11)
FN:278,(anonymous_12)
FN:300,(anonymous_13)
FN:308,(anonymous_14)
FN:328,(anonymous_15)
FN:355,(anonymous_16)
FN:409,(anonymous_17)
FNF:18
FNH:18
FNDA:25,(anonymous_0)
FNDA:1,(anonymous_1)
FNDA:25,(anonymous_2)
FNDA:25,(anonymous_3)
FNDA:1,(anonymous_4)
FNDA:2,(anonymous_5)
FNDA:2,(anonymous_6)
FNDA:11,(anonymous_7)
FNDA:2,(anonymous_8)
FNDA:1,(anonymous_9)
FNDA:1,(anonymous_10)
FNDA:2,(anonymous_11)
FNDA:2,(anonymous_12)
FNDA:6,(anonymous_13)
FNDA:25,(anonymous_14)
FNDA:3,(anonymous_15)
FNDA:37,(anonymous_16)
FNDA:2,(anonymous_17)
DA:10,25
DA:12,25
DA:13,25
DA:14,25
DA:15,25
DA:16,25
DA:18,25
DA:20,25
DA:29,1
DA:30,1
DA:34,1
DA:35,1
DA:37,1
DA:39,1
DA:40,1
DA:41,1
DA:44,1
DA:50,1
DA:51,1
DA:52,1
DA:58,1
DA:59,1
DA:67,25
DA:71,1
DA:72,1
DA:73,1
DA:78,2
DA:79,2
DA:84,2
DA:88,2
DA:89,2
DA:90,2
DA:91,2
DA:92,2
DA:93,1
DA:95,1
DA:98,2
DA:104,2
DA:111,11
DA:112,11
DA:113,11
DA:114,11
DA:116,11
DA:117,2
DA:118,1
DA:119,1
DA:120,1
DA:121,1
DA:122,0
DA:124,1
DA:125,1
DA:126,1
DA:129,1
DA:136,1
DA:137,1
DA:140,1
DA:146,9
DA:153,8
DA:159,2
DA:160,1
DA:161,1
DA:162,1
DA:164,2
DA:167,6
DA:168,6
DA:169,6
DA:171,6
DA:172,2
DA:173,0
DA:175,2
DA:176,2
DA:177,0
DA:178,0
DA:180,2
DA:181,0
DA:182,0
DA:186,6
DA:187,1
DA:188,0
DA:190,1
DA:191,1
DA:192,0
DA:196,6
DA:197,1
DA:198,0
DA:200,1
DA:201,1
DA:202,0
DA:206,6
DA:207,2
DA:208,0
DA:210,2
DA:211,2
DA:212,2
DA:213,2
DA:215,2
DA:216,0
DA:217,0
DA:222,6
DA:224,2
DA:225,1
DA:227,1
DA:229,2
DA:232,1
DA:233,1
DA:236,1
DA:237,1
DA:240,1
DA:241,1
DA:244,1
DA:245,1
DA:248,6
DA:249,6
DA:250,6
DA:251,6
DA:254,6
DA:261,1
DA:262,1
DA:263,1
DA:264,1
DA:267,1
DA:270,1
DA:279,2
DA:280,2
DA:281,2
DA:282,2
DA:283,2
DA:285,2
DA:291,2
DA:292,1
DA:295,2
DA:296,2
DA:301,6
DA:302,6
DA:303,3
DA:305,3
DA:309,25
DA:310,25
DA:311,25
DA:313,25
DA:314,22
DA:317,3
DA:318,3
DA:319,2
DA:320,2
DA:322,0
DA:323,0
DA:331,3
DA:332,3
DA:334,3
DA:335,0
DA:338,3
DA:339,2
DA:340,0
DA:346,1
DA:347,1
DA:356,37
DA:357,37
DA:359,37
DA:364,37
DA:384,12
DA:402,12
DA:409,12
LF:163
LH:146
BRDA:39,0,0,1
BRDA:39,0,1,0
BRDA:44,1,0,1
BRDA:44,1,1,0
BRDA:45,2,0,1
BRDA:45,2,1,1
BRDA:45,2,2,1
BRDA:45,2,3,1
BRDA:72,3,0,1
BRDA:72,3,1,0
BRDA:89,4,0,2
BRDA:89,4,1,0
BRDA:89,5,0,2
BRDA:89,5,1,2
BRDA:89,5,2,2
BRDA:92,6,0,1
BRDA:92,6,1,1
BRDA:116,7,0,2
BRDA:116,7,1,9
BRDA:117,8,0,1
BRDA:117,8,1,1
BRDA:121,9,0,0
BRDA:121,9,1,1
BRDA:124,10,0,1
BRDA:124,10,1,0
BRDA:124,11,0,1
BRDA:124,11,1,0
BRDA:125,12,0,1
BRDA:125,12,1,0
BRDA:136,13,0,1
BRDA:136,13,1,0
BRDA:146,14,0,8
BRDA:146,14,1,1
BRDA:147,15,0,9
BRDA:147,15,1,7
BRDA:147,15,2,5
BRDA:147,15,3,3
BRDA:147,15,4,2
BRDA:153,16,0,2
BRDA:153,16,1,6
BRDA:154,17,0,8
BRDA:154,17,1,6
BRDA:154,17,2,5
BRDA:154,17,3,2
BRDA:154,17,4,2
BRDA:159,18,0,1
BRDA:159,18,1,1
BRDA:161,19,0,1
BRDA:161,19,1,0
BRDA:167,20,0,6
BRDA:167,20,1,0
BRDA:167,21,0,6
BRDA:167,21,1,6
BRDA:172,22,0,0
BRDA:172,22,1,2
BRDA:176,23,0,0
BRDA:176,23,1,2
BRDA:180,24,0,0
BRDA:180,24,1,2
BRDA:187,25,0,0
BRDA:187,25,1,1
BRDA:191,26,0,0
BRDA:191,26,1,1
BRDA:197,27,0,0
BRDA:197,27,1,1
BRDA:201,28,0,0
BRDA:201,28,1,1
BRDA:207,29,0,0
BRDA:207,29,1,2
BRDA:211,30,0,2
BRDA:211,30,1,0
BRDA:215,31,0,0
BRDA:215,31,1,2
BRDA:222,32,0,2
BRDA:222,32,1,1
BRDA:222,32,2,1
BRDA:222,32,3,1
BRDA:222,32,4,1
BRDA:224,33,0,1
BRDA:224,33,1,1
BRDA:248,34,0,6
BRDA:248,34,1,0
BRDA:248,35,0,6
BRDA:248,35,1,2
BRDA:250,36,0,6
BRDA:250,36,1,0
BRDA:261,37,0,1
BRDA:261,37,1,0
BRDA:263,38,0,1
BRDA:263,38,1,0
BRDA:291,39,0,1
BRDA:291,39,1,1
BRDA:291,40,0,2
BRDA:291,40,1,2
BRDA:295,41,0,2
BRDA:295,41,1,0
BRDA:295,42,0,2
BRDA:295,42,1,2
BRDA:302,43,0,3
BRDA:302,43,1,3
BRDA:313,44,0,22
BRDA:313,44,1,3
BRDA:313,45,0,25
BRDA:313,45,1,3
BRDA:313,45,2,3
BRDA:317,46,0,3
BRDA:317,46,1,0
BRDA:318,47,0,2
BRDA:318,47,1,1
BRDA:318,48,0,3
BRDA:318,48,1,2
BRDA:322,49,0,0
BRDA:322,49,1,0
BRDA:322,50,0,0
BRDA:322,50,1,0
BRDA:334,51,0,0
BRDA:334,51,1,3
BRDA:334,52,0,3
BRDA:334,52,1,3
BRDA:338,53,0,2
BRDA:338,53,1,1
BRDA:339,54,0,0
BRDA:339,54,1,2
BRDA:339,55,0,2
BRDA:339,55,1,2
BRDA:346,56,0,1
BRDA:346,56,1,0
BRDA:346,57,0,1
BRDA:346,57,1,1
BRDA:360,58,0,3
BRDA:360,58,1,34
BRDA:361,59,0,33
BRDA:361,59,1,4
BRDA:362,60,0,2
BRDA:362,60,1,35
BRDA:410,61,0,2
BRDA:410,61,1,0
BRDA:411,62,0,2
BRDA:411,62,1,0
BRDA:411,63,0,2
BRDA:411,63,1,2
BRF:141
BRH:105
end_of_record
TN:
SF:/Users/girish.prajapati/MyDriveTwo/ui/src/main/webapp/js/components/controls/grid/CellEditableManualTag.jsx
FN:9,(anonymous_0)
FN:21,(anonymous_1)
FN:33,(anonymous_2)
FN:39,(anonymous_3)
FN:46,(anonymous_4)
FN:49,(anonymous_5)
FN:119,(anonymous_6)
FNF:7
FNH:7
FNDA:8,(anonymous_0)
FNDA:2,(anonymous_1)
FNDA:1,(anonymous_2)
FNDA:1,(anonymous_3)
FNDA:1,(anonymous_4)
FNDA:11,(anonymous_5)
FNDA:2,(anonymous_6)
DA:10,8
DA:11,8
DA:12,8
DA:13,8
DA:15,8
DA:22,2
DA:23,2
DA:25,2
DA:26,2
DA:34,1
DA:40,1
DA:41,1
DA:42,1
DA:54,11
DA:55,11
DA:57,11
DA:62,11
DA:95,8
DA:111,8
DA:119,8
LF:20
LH:20
BRDA:25,0,0,2
BRDA:25,0,1,0
BRDA:41,1,0,1
BRDA:41,1,1,0
BRDA:57,2,0,11
BRDA:57,2,1,11
BRDA:57,2,2,11
BRDA:57,2,3,10
BRDA:65,3,0,1
BRDA:65,3,1,10
BRDA:82,4,0,10
BRDA:82,4,1,1
BRDA:82,5,0,11
BRDA:82,5,1,10
BRF:14
BRH:12
end_of_record
TN:
SF:/Users/girish.prajapati/MyDriveTwo/ui/src/main/webapp/js/components/controls/grid/CellEditableManualTagSuggest.jsx
FN:10,(anonymous_0)
FN:24,(anonymous_1)
FN:42,(anonymous_2)
FN:84,(anonymous_3)
FN:94,(anonymous_4)
FN:118,(anonymous_5)
FN:160,(anonymous_6)
FN:168,(anonymous_7)
FN:214,(anonymous_8)
FNF:9
FNH:9
FNDA:14,(anonymous_0)
FNDA:1,(anonymous_1)
FNDA:3,(anonymous_2)
FNDA:1,(anonymous_3)
FNDA:4,(anonymous_4)
FNDA:26,(anonymous_5)
FNDA:20,(anonymous_6)
FNDA:20,(anonymous_7)
FNDA:1,(anonymous_8)
DA:11,14
DA:13,14
DA:14,14
DA:16,14
DA:18,14
DA:25,1
DA:26,1
DA:28,1
DA:29,1
DA:31,1
DA:32,1
DA:37,1
DA:38,1
DA:42,14
DA:43,3
DA:44,3
DA:45,3
DA:47,3
DA:48,1
DA:51,2
DA:52,2
DA:53,1
DA:54,1
DA:55,1
DA:58,1
DA:59,1
DA:60,1
DA:65,2
DA:66,2
DA:67,2
DA:68,0
DA:70,0
DA:75,0
DA:78,2
DA:85,1
DA:86,1
DA:88,1
DA:95,4
DA:96,4
DA:97,1
DA:99,3
DA:101,3
DA:102,1
DA:103,1
DA:104,1
DA:106,2
DA:107,2
DA:108,2
DA:109,1
DA:113,3
DA:119,26
DA:120,26
DA:121,26
DA:123,26
DA:124,1
DA:127,25
DA:128,25
DA:129,0
DA:143,25
DA:144,8
DA:158,17
DA:159,17
DA:160,17
DA:161,20
DA:162,16
DA:164,4
DA:168,17
DA:169,20
DA:172,20
DA:184,25
DA:185,25
DA:197,9
DA:208,9
DA:214,9
LF:74
LH:70
BRDA:31,0,0,1
BRDA:31,0,1,0
BRDA:31,1,0,1
BRDA:31,1,1,1
BRDA:31,1,2,1
BRDA:37,2,0,1
BRDA:37,2,1,0
BRDA:47,3,0,1
BRDA:47,3,1,2
BRDA:52,4,0,1
BRDA:52,4,1,1
BRDA:54,5,0,1
BRDA:54,5,1,0
BRDA:59,6,0,1
BRDA:59,6,1,0
BRDA:67,7,0,0
BRDA:67,7,1,2
BRDA:96,8,0,1
BRDA:96,8,1,3
BRDA:101,9,0,1
BRDA:101,9,1,2
BRDA:103,10,0,1
BRDA:103,10,1,0
BRDA:106,11,0,2
BRDA:106,11,1,0
BRDA:108,12,0,1
BRDA:108,12,1,1
BRDA:123,13,0,1
BRDA:123,13,1,25
BRDA:123,14,0,26
BRDA:123,14,1,26
BRDA:128,15,0,0
BRDA:128,15,1,25
BRDA:143,16,0,8
BRDA:143,16,1,17
BRDA:143,17,0,25
BRDA:143,17,1,25
BRDA:158,18,0,17
BRDA:158,18,1,0
BRDA:161,19,0,16
BRDA:161,19,1,4
BRDA:170,20,0,8
BRDA:170,20,1,12
BRDA:171,21,0,16
BRDA:171,21,1,4
BRDA:184,22,0,0
BRDA:184,22,1,25
BRF:47
BRH:37
end_of_record
TN:
SF:/Users/girish.prajapati/MyDriveTwo/ui/src/main/webapp/js/components/controls/grid/TaggerGrid.jsx
FN:6,(anonymous_0)
FN:11,(anonymous_1)
FNF:2
FNH:2
FNDA:3,(anonymous_0)
FNDA:4,(anonymous_1)
DA:7,3
DA:8,3
DA:14,4
DA:16,4
DA:28,6
DA:36,6
LF:6
LH:6
BRDA:19,0,0,3
BRDA:19,0,1,1
BRF:2
BRH:2
end_of_record
TN:
SF:/Users/girish.prajapati/MyDriveTwo/ui/src/main/webapp/js/components/controls/grid/TaggerGridPager.jsx
FN:6,(anonymous_0)
FN:19,(anonymous_1)
FN:23,(anonymous_2)
FN:30,(anonymous_3)
FN:37,(anonymous_4)
FN:44,(anonymous_5)
FN:51,(anonymous_6)
FN:58,(anonymous_7)
FN:63,(anonymous_8)
FN:68,(anonymous_9)
FN:77,(anonymous_10)
FN:85,(anonymous_11)
FN:89,(anonymous_12)
FN:98,(anonymous_13)
FN:111,(anonymous_14)
FN:140,(anonymous_15)
FN:147,(anonymous_16)
FN:169,(anonymous_17)
FNF:18
FNH:17
FNDA:13,(anonymous_0)
FNDA:1,(anonymous_1)
FNDA:1,(anonymous_2)
FNDA:1,(anonymous_3)
FNDA:1,(anonymous_4)
FNDA:1,(anonymous_5)
FNDA:1,(anonymous_6)
FNDA:1,(anonymous_7)
FNDA:1,(anonymous_8)
FNDA:2,(anonymous_9)
FNDA:1,(anonymous_10)
FNDA:13,(anonymous_11)
FNDA:78,(anonymous_12)
FNDA:12,(anonymous_13)
FNDA:12,(anonymous_14)
FNDA:28,(anonymous_15)
FNDA:0,(anonymous_16)
FNDA:13,(anonymous_17)
DA:7,13
DA:9,13
DA:10,13
DA:11,13
DA:12,13
DA:13,13
DA:14,13
DA:15,13
DA:16,13
DA:20,1
DA:24,1
DA:25,1
DA:26,1
DA:31,1
DA:32,1
DA:33,1
DA:38,1
DA:39,1
DA:40,1
DA:45,1
DA:46,1
DA:47,1
DA:52,1
DA:53,1
DA:54,1
DA:55,1
DA:59,1
DA:60,1
DA:64,1
DA:65,1
DA:69,2
DA:70,2
DA:71,2
DA:72,2
DA:73,1
DA:78,1
DA:79,1
DA:80,1
DA:81,1
DA:86,13
DA:87,13
DA:89,13
DA:90,78
DA:95,13
DA:99,12
DA:100,12
DA:102,12
DA:104,12
DA:105,29
DA:108,12
DA:112,12
DA:113,12
DA:114,12
DA:115,12
DA:117,12
DA:119,12
DA:129,12
DA:130,29
DA:135,28
DA:139,12
DA:140,12
DA:141,28
DA:142,1
DA:144,28
DA:148,0
DA:153,28
DA:156,12
DA:165,12
DA:172,13
DA:173,13
DA:175,13
DA:231,5
DA:238,5
DA:248,5
LF:74
LH:73
BRDA:25,0,0,1
BRDA:25,0,1,0
BRDA:32,1,0,1
BRDA:32,1,1,0
BRDA:39,2,0,1
BRDA:39,2,1,0
BRDA:46,3,0,1
BRDA:46,3,1,0
BRDA:70,4,0,1
BRDA:70,4,1,1
BRDA:72,5,0,1
BRDA:72,5,1,1
BRDA:80,6,0,1
BRDA:80,6,1,0
BRDA:102,7,0,10
BRDA:102,7,1,2
BRDA:113,8,0,10
BRDA:113,8,1,2
BRDA:130,9,0,28
BRDA:130,9,1,1
BRDA:131,10,0,29
BRDA:131,10,1,5
BRDA:131,10,2,2
BRDA:131,10,3,2
BRDA:141,11,0,1
BRDA:141,11,1,27
BRDA:145,12,0,12
BRDA:145,12,1,16
BRDA:181,13,0,12
BRDA:181,13,1,1
BRDA:184,14,0,0
BRDA:184,14,1,12
BRDA:191,15,0,13
BRDA:191,15,1,0
BRDA:205,16,0,12
BRDA:205,16,1,1
BRDA:219,17,0,12
BRDA:219,17,1,1
BRF:38
BRH:31
end_of_record
TN:
SF:/Users/girish.prajapati/MyDriveTwo/ui/src/main/webapp/js/components/datasets/create/CreateDatasetDialog.jsx
FN:31,(anonymous_0)
FN:40,(anonymous_1)
FN:44,(anonymous_2)
FN:47,(anonymous_3)
FN:57,(anonymous_4)
FN:63,(anonymous_5)
FN:86,(anonymous_6)
FN:93,(anonymous_7)
FN:102,(anonymous_8)
FN:121,(anonymous_9)
FN:125,(anonymous_10)
FN:139,(anonymous_11)
FN:143,(anonymous_12)
FN:147,(anonymous_13)
FN:184,(anonymous_14)
FN:202,(anonymous_15)
FN:221,(anonymous_16)
FN:287,(anonymous_17)
FN:293,(anonymous_18)
FN:299,(anonymous_19)
FN:316,(anonymous_20)
FN:326,(anonymous_21)
FN:335,(anonymous_22)
FN:356,(anonymous_23)
FN:372,(anonymous_24)
FN:395,(anonymous_25)
FN:423,(anonymous_26)
FN:450,(anonymous_27)
FN:452,(anonymous_28)
FN:487,(anonymous_29)
FN:500,(anonymous_30)
FN:523,(anonymous_31)
FN:533,(anonymous_32)
FNF:33
FNH:0
FNDA:0,(anonymous_0)
FNDA:0,(anonymous_1)
FNDA:0,(anonymous_2)
FNDA:0,(anonymous_3)
FNDA:0,(anonymous_4)
FNDA:0,(anonymous_5)
FNDA:0,(anonymous_6)
FNDA:0,(anonymous_7)
FNDA:0,(anonymous_8)
FNDA:0,(anonymous_9)
FNDA:0,(anonymous_10)
FNDA:0,(anonymous_11)
FNDA:0,(anonymous_12)
FNDA:0,(anonymous_13)
FNDA:0,(anonymous_14)
FNDA:0,(anonymous_15)
FNDA:0,(anonymous_16)
FNDA:0,(anonymous_17)
FNDA:0,(anonymous_18)
FNDA:0,(anonymous_19)
FNDA:0,(anonymous_20)
FNDA:0,(anonymous_21)
FNDA:0,(anonymous_22)
FNDA:0,(anonymous_23)
FNDA:0,(anonymous_24)
FNDA:0,(anonymous_25)
FNDA:0,(anonymous_26)
FNDA:0,(anonymous_27)
FNDA:0,(anonymous_28)
FNDA:0,(anonymous_29)
FNDA:0,(anonymous_30)
FNDA:0,(anonymous_31)
FNDA:0,(anonymous_32)
DA:27,4
DA:28,4
DA:32,0
DA:33,0
DA:35,0
DA:36,0
DA:37,0
DA:41,0
DA:48,0
DA:49,0
DA:51,0
DA:54,0
DA:58,0
DA:59,0
DA:60,0
DA:66,0
DA:68,0
DA:70,0
DA:76,0
DA:87,0
DA:88,0
DA:92,0
DA:94,0
DA:95,0
DA:96,0
DA:97,0
DA:99,0
DA:100,0
DA:103,0
DA:104,0
DA:105,0
DA:106,0
DA:107,0
DA:108,0
DA:110,0
DA:113,0
DA:114,0
DA:115,0
DA:116,0
DA:117,0
DA:119,0
DA:126,0
DA:127,0
DA:128,0
DA:135,0
DA:140,0
DA:141,0
DA:144,0
DA:145,0
DA:148,0
DA:154,0
DA:185,0
DA:196,0
DA:198,0
DA:199,0
DA:200,0
DA:201,0
DA:202,0
DA:203,0
DA:204,0
DA:205,0
DA:206,0
DA:208,0
DA:209,0
DA:211,0
DA:216,0
DA:222,0
DA:287,0
DA:293,0
DA:299,0
DA:317,0
DA:329,0
DA:330,0
DA:336,0
DA:338,0
DA:340,0
DA:342,0
DA:357,0
DA:358,0
DA:359,0
DA:361,0
DA:364,0
DA:368,0
DA:373,0
DA:377,0
DA:378,0
DA:380,0
DA:382,0
DA:396,0
DA:408,0
DA:409,0
DA:411,0
DA:424,0
DA:425,0
DA:428,0
DA:430,0
DA:432,0
DA:433,0
DA:436,0
DA:437,0
DA:440,0
DA:451,0
DA:452,0
DA:453,0
DA:456,0
DA:457,0
DA:467,0
DA:488,0
DA:489,0
DA:490,0
DA:492,0
DA:496,0
DA:502,0
DA:503,0
DA:504,0
DA:505,0
DA:507,0
DA:519,4
DA:523,4
DA:533,4
LF:120
LH:5
BRDA:51,0,0,0
BRDA:51,0,1,0
BRDA:96,1,0,0
BRDA:96,1,1,0
BRDA:96,2,0,0
BRDA:96,2,1,0
BRDA:104,3,0,0
BRDA:104,3,1,0
BRDA:105,4,0,0
BRDA:105,4,1,0
BRDA:107,5,0,0
BRDA:107,5,1,0
BRDA:127,6,0,0
BRDA:127,6,1,0
BRDA:168,7,0,0
BRDA:168,7,1,0
BRDA:168,8,0,0
BRDA:168,8,1,0
BRDA:168,8,2,0
BRDA:201,9,0,0
BRDA:201,9,1,0
BRDA:201,10,0,0
BRDA:201,10,1,0
BRDA:204,11,0,0
BRDA:204,11,1,0
BRDA:208,12,0,0
BRDA:208,12,1,0
BRDA:209,13,0,0
BRDA:209,13,1,0
BRDA:211,14,0,0
BRDA:211,14,1,0
BRDA:221,15,0,0
BRDA:221,15,1,0
BRDA:221,16,0,0
BRDA:221,16,1,0
BRDA:231,17,0,0
BRDA:231,17,1,0
BRDA:278,18,0,0
BRDA:278,18,1,0
BRDA:286,19,0,0
BRDA:286,19,1,0
BRDA:287,20,0,0
BRDA:287,20,1,0
BRDA:292,21,0,0
BRDA:292,21,1,0
BRDA:293,22,0,0
BRDA:293,22,1,0
BRDA:298,23,0,0
BRDA:298,23,1,0
BRDA:299,24,0,0
BRDA:299,24,1,0
BRDA:340,25,0,0
BRDA:340,25,1,0
BRDA:359,26,0,0
BRDA:359,26,1,0
BRDA:359,26,2,0
BRDA:359,26,3,0
BRDA:380,27,0,0
BRDA:380,27,1,0
BRDA:380,27,2,0
BRDA:395,28,0,0
BRDA:395,28,1,0
BRDA:409,29,0,0
BRDA:409,29,1,0
BRDA:409,30,0,0
BRDA:409,30,1,0
BRDA:416,31,0,0
BRDA:416,31,1,0
BRDA:423,32,0,0
BRDA:423,32,1,0
BRDA:423,33,0,0
BRDA:423,33,1,0
BRDA:423,33,2,0
BRDA:425,34,0,0
BRDA:425,34,1,0
BRDA:425,35,0,0
BRDA:425,35,1,0
BRDA:432,36,0,0
BRDA:432,36,1,0
BRDA:436,37,0,0
BRDA:436,37,1,0
BRDA:451,38,0,0
BRDA:451,38,1,0
BRDA:490,39,0,0
BRDA:490,39,1,0
BRDA:490,39,2,0
BRDA:504,40,0,0
BRDA:504,40,1,0
BRF:88
BRH:0
end_of_record
TN:
SF:/Users/girish.prajapati/MyDriveTwo/ui/src/main/webapp/js/components/datasets/create/CreateDatasetForm.jsx
FN:13,(anonymous_0)
FN:34,(anonymous_1)
FN:53,(anonymous_2)
FN:67,(anonymous_3)
FN:72,(anonymous_4)
FN:82,(anonymous_5)
FN:87,(anonymous_6)
FN:90,(anonymous_7)
FN:104,(anonymous_8)
FN:127,(anonymous_9)
FN:154,(anonymous_10)
FN:164,(anonymous_11)
FNF:12
FNH:1
FNDA:3,(anonymous_0)
FNDA:0,(anonymous_1)
FNDA:0,(anonymous_2)
FNDA:0,(anonymous_3)
FNDA:0,(anonymous_4)
FNDA:0,(anonymous_5)
FNDA:0,(anonymous_6)
FNDA:0,(anonymous_7)
FNDA:0,(anonymous_8)
FNDA:0,(anonymous_9)
FNDA:0,(anonymous_10)
FNDA:0,(anonymous_11)
DA:13,5
DA:14,3
DA:15,3
DA:17,3
DA:19,3
DA:20,0
DA:21,3
DA:22,1
DA:23,2
DA:24,1
DA:26,3
DA:27,0
DA:28,0
DA:31,3
DA:34,5
DA:37,0
DA:38,0
DA:48,0
DA:53,5
DA:56,0
DA:68,0
DA:69,0
DA:71,0
DA:72,0
DA:83,0
DA:84,0
DA:93,0
DA:94,0
DA:96,0
DA:98,0
DA:100,0
DA:128,0
DA:149,5
DA:154,5
DA:164,5
LF:35
LH:16
BRDA:19,0,0,0
BRDA:19,0,1,3
BRDA:21,1,0,1
BRDA:21,1,1,2
BRDA:21,2,0,3
BRDA:21,2,1,1
BRDA:21,2,2,1
BRDA:23,3,0,1
BRDA:23,3,1,1
BRDA:26,4,0,0
BRDA:26,4,1,3
BRDA:27,5,0,0
BRDA:27,5,1,0
BRDA:27,6,0,0
BRDA:27,6,1,0
BRDA:37,7,0,0
BRDA:37,7,1,0
BRDA:43,8,0,0
BRDA:43,8,1,0
BRDA:43,8,2,0
BRDA:68,9,0,0
BRDA:68,9,1,0
BRDA:77,10,0,0
BRDA:77,10,1,0
BRDA:77,10,2,0
BRDA:94,11,0,0
BRDA:94,11,1,0
BRDA:96,12,0,0
BRDA:96,12,1,0
BRDA:96,13,0,0
BRDA:96,13,1,0
BRDA:108,14,0,0
BRDA:108,14,1,0
BRDA:120,15,0,0
BRDA:120,15,1,0
BRDA:131,16,0,0
BRDA:131,16,1,0
BRDA:140,17,0,0
BRDA:140,17,1,0
BRF:39
BRH:9
end_of_record
TN:
SF:/Users/girish.prajapati/MyDriveTwo/ui/src/main/webapp/js/components/fields/CustomComponents.js
FN:9,(anonymous_0)
FNF:1
FNH:0
FNDA:0,(anonymous_0)
DA:9,0
LF:1
LH:0
BRF:0
BRH:0
end_of_record
TN:
SF:/Users/girish.prajapati/MyDriveTwo/ui/src/main/webapp/js/components/fields/CustomDropDown.js
FN:16,(anonymous_0)
FN:32,(anonymous_1)
FN:42,(anonymous_2)
FN:54,(anonymous_3)
FN:63,(anonymous_4)
FN:73,(anonymous_5)
FN:92,(anonymous_6)
FN:116,(anonymous_7)
FN:139,(anonymous_8)
FNF:9
FNH:7
FNDA:5,(anonymous_0)
FNDA:1,(anonymous_1)
FNDA:1,(anonymous_2)
FNDA:0,(anonymous_3)
FNDA:7,(anonymous_4)
FNDA:7,(anonymous_5)
FNDA:0,(anonymous_6)
FNDA:2,(anonymous_7)
FNDA:7,(anonymous_8)
DA:17,5
DA:18,5
DA:19,5
DA:22,5
DA:27,5
DA:28,5
DA:29,5
DA:33,1
DA:35,1
DA:36,1
DA:37,0
DA:39,1
DA:43,1
DA:45,1
DA:55,0
DA:64,7
DA:74,7
DA:75,7
DA:76,7
DA:78,7
DA:79,7
DA:80,1
DA:83,7
DA:93,0
DA:94,0
DA:105,0
DA:117,2
DA:118,2
DA:120,2
DA:121,1
DA:122,1
DA:123,1
DA:128,1
DA:129,1
DA:130,1
DA:135,1
DA:140,7
DA:151,7
LF:38
LH:33
BRDA:19,0,0,5
BRDA:19,0,1,0
BRDA:36,1,0,0
BRDA:36,1,1,1
BRDA:43,2,0,0
BRDA:43,2,1,1
BRDA:43,3,0,1
BRDA:43,3,1,1
BRDA:53,4,0,1
BRDA:53,4,1,0
BRDA:79,5,0,1
BRDA:79,5,1,6
BRDA:93,6,0,0
BRDA:93,6,1,0
BRDA:99,7,0,0
BRDA:99,7,1,0
BRDA:109,8,0,7
BRDA:109,8,1,1
BRDA:120,9,0,1
BRDA:120,9,1,1
BRDA:120,10,0,2
BRDA:120,10,1,1
BRDA:120,10,2,1
BRDA:129,11,0,1
BRDA:129,11,1,0
BRDA:129,12,0,1
BRDA:129,12,1,1
BRF:27
BRH:18
end_of_record
TN:
SF:/Users/girish.prajapati/MyDriveTwo/ui/src/main/webapp/js/components/fields/CustomDropZone.js
FN:11,(anonymous_0)
FN:21,(anonymous_1)
FN:33,(anonymous_2)
FN:38,(anonymous_3)
FN:54,(anonymous_4)
FN:60,(anonymous_5)
FNF:6
FNH:5
FNDA:3,(anonymous_0)
FNDA:3,(anonymous_1)
FNDA:0,(anonymous_2)
FNDA:3,(anonymous_3)
FNDA:1,(anonymous_4)
FNDA:3,(anonymous_5)
DA:12,3
DA:13,3
DA:17,3
DA:18,3
DA:22,3
DA:34,0
DA:35,0
DA:39,3
DA:55,1
DA:57,1
DA:61,3
DA:72,5
LF:12
LH:10
BRF:0
BRH:0
end_of_record
TN:
SF:/Users/girish.prajapati/MyDriveTwo/ui/src/main/webapp/js/components/fields/CustomTextArea.js
FN:12,(anonymous_0)
FN:25,(anonymous_1)
FN:35,(anonymous_2)
FN:62,(anonymous_3)
FN:68,(anonymous_4)
FNF:5
FNH:5
FNDA:4,(anonymous_0)
FNDA:6,(anonymous_1)
FNDA:6,(anonymous_2)
FNDA:2,(anonymous_3)
FNDA:6,(anonymous_4)
DA:13,4
DA:14,4
DA:15,4
DA:18,4
DA:22,4
DA:26,6
DA:36,6
DA:37,6
DA:39,6
DA:40,1
DA:43,6
DA:63,2
DA:64,2
DA:65,2
DA:69,6
DA:80,7
LF:16
LH:16
BRDA:15,0,0,4
BRDA:15,0,1,0
BRDA:39,1,0,1
BRDA:39,1,1,5
BRDA:54,2,0,6
BRDA:54,2,1,1
BRF:6
BRH:5
end_of_record
TN:
SF:/Users/girish.prajapati/MyDriveTwo/ui/src/main/webapp/js/components/fields/CustomTextField.js
FN:13,(anonymous_0)
FN:28,(anonymous_1)
FN:43,(anonymous_2)
FN:75,(anonymous_3)
FN:97,(anonymous_4)
FN:117,(anonymous_5)
FNF:6
FNH:5
FNDA:4,(anonymous_0)
FNDA:8,(anonymous_1)
FNDA:8,(anonymous_2)
FNDA:4,(anonymous_3)
FNDA:8,(anonymous_4)
FNDA:0,(anonymous_5)
DA:14,4
DA:15,4
DA:16,4
DA:19,4
DA:25,4
DA:29,8
DA:44,8
DA:45,8
DA:47,8
DA:48,2
DA:51,8
DA:52,8
DA:53,2
DA:56,8
DA:76,4
DA:77,4
DA:79,4
DA:80,1
DA:81,1
DA:82,1
DA:83,3
DA:84,1
DA:85,1
DA:86,1
DA:87,2
DA:88,2
DA:89,2
DA:90,0
DA:91,0
DA:92,0
DA:93,0
DA:98,8
DA:109,7
DA:116,7
LF:34
LH:30
BRDA:16,0,0,4
BRDA:16,0,1,0
BRDA:36,1,0,8
BRDA:36,1,1,0
BRDA:47,2,0,2
BRDA:47,2,1,6
BRDA:52,3,0,2
BRDA:52,3,1,6
BRDA:68,4,0,8
BRDA:68,4,1,2
BRDA:79,5,0,1
BRDA:79,5,1,3
BRDA:79,6,0,4
BRDA:79,6,1,1
BRDA:79,6,2,1
BRDA:83,7,0,1
BRDA:83,7,1,2
BRDA:87,8,0,2
BRDA:87,8,1,0
BRDA:87,9,0,2
BRDA:87,9,1,0
BRDA:90,10,0,0
BRDA:90,10,1,0
BRDA:90,11,0,0
BRDA:90,11,1,0
BRF:25
BRH:17
end_of_record
TN:
SF:/Users/girish.prajapati/MyDriveTwo/ui/src/main/webapp/js/components/fields/ValidationPlaceholder.js
FN:8,(anonymous_0)
FNF:1
FNH:1
FNDA:2,(anonymous_0)
DA:9,2
DA:11,2
DA:12,2
DA:13,0
DA:15,2
DA:30,13
DA:34,13
LF:7
LH:6
BRDA:12,0,0,0
BRDA:12,0,1,2
BRF:2
BRH:1
end_of_record
TN:
SF:/Users/girish.prajapati/MyDriveTwo/ui/src/main/webapp/js/components/modelConfigs/EditorTags.jsx
FN:6,(anonymous_0)
FN:22,(anonymous_1)
FN:28,(anonymous_2)
FN:33,(anonymous_3)
FN:45,(anonymous_4)
FN:51,(anonymous_5)
FN:57,(anonymous_6)
FN:82,(anonymous_7)
FNF:8
FNH:7
FNDA:5,(anonymous_0)
FNDA:11,(anonymous_1)
FNDA:11,(anonymous_2)
FNDA:16,(anonymous_3)
FNDA:1,(anonymous_4)
FNDA:1,(anonymous_5)
FNDA:11,(anonymous_6)
FNDA:0,(anonymous_7)
DA:7,5
DA:9,5
DA:10,5
DA:11,5
DA:13,5
DA:15,5
DA:17,5
DA:23,11
DA:30,11
DA:32,11
DA:33,11
DA:34,16
DA:39,16
DA:42,11
DA:46,1
DA:47,1
DA:48,1
DA:52,1
DA:53,1
DA:54,1
DA:58,11
DA:59,11
DA:61,11
DA:81,9
DA:85,9
LF:25
LH:25
BRDA:15,0,0,5
BRDA:15,0,1,0
BRDA:24,1,0,11
BRDA:24,1,1,0
BRDA:32,2,0,11
BRDA:32,2,1,0
BRDA:72,3,0,0
BRDA:72,3,1,11
BRDA:72,4,0,11
BRDA:72,4,1,0
BRF:10
BRH:5
end_of_record
TN:
SF:/Users/girish.prajapati/MyDriveTwo/ui/src/main/webapp/js/components/modelConfigs/PostProcessingJSONEditor.jsx
FN:13,(anonymous_0)
FN:31,(anonymous_1)
FN:41,(anonymous_2)
FN:47,(anonymous_3)
FNF:4
FNH:4
FNDA:1,(anonymous_0)
FNDA:1,(anonymous_1)
FNDA:1,(anonymous_2)
FNDA:2,(anonymous_3)
DA:14,1
DA:16,1
DA:17,1
DA:19,1
DA:21,1
DA:22,1
DA:24,1
DA:32,1
DA:33,1
DA:34,1
DA:35,1
DA:42,1
DA:43,1
DA:44,1
DA:48,2
DA:49,2
DA:51,2
DA:74,6
LF:18
LH:18
BRDA:22,0,0,1
BRDA:22,0,1,0
BRDA:34,1,0,1
BRDA:34,1,1,0
BRDA:43,2,0,1
BRDA:43,2,1,0
BRDA:54,3,0,0
BRDA:54,3,1,2
BRF:8
BRH:4
end_of_record
TN:
SF:/Users/girish.prajapati/MyDriveTwo/ui/src/main/webapp/js/components/modelConfigs/PostProcessingTransformations.jsx
FN:27,(anonymous_0)
FN:34,(anonymous_1)
FN:43,(anonymous_2)
FN:45,(anonymous_3)
FN:50,(anonymous_4)
FN:52,(anonymous_5)
FN:52,(anonymous_6)
FN:54,(anonymous_7)
FN:54,(anonymous_8)
FN:56,(anonymous_9)
FN:56,(anonymous_10)
FN:58,(anonymous_11)
FN:61,(anonymous_12)
FN:73,(anonymous_13)
FN:115,(anonymous_14)
FN:119,(anonymous_15)
FN:126,(anonymous_16)
FN:134,(anonymous_17)
FN:151,(anonymous_18)
FN:161,(anonymous_19)
FN:171,(anonymous_20)
FN:183,(anonymous_21)
FN:196,(anonymous_22)
FN:204,(anonymous_23)
FN:220,(anonymous_24)
FN:225,(anonymous_25)
FN:234,(anonymous_26)
FN:242,(anonymous_27)
FN:247,(anonymous_28)
FN:264,(anonymous_29)
FN:270,(anonymous_30)
FN:282,(anonymous_31)
FN:288,(anonymous_32)
FN:296,(anonymous_33)
FN:338,(anonymous_34)
FN:345,(anonymous_35)
FN:346,(anonymous_36)
FN:359,(anonymous_37)
FN:375,(anonymous_38)
FN:385,(anonymous_39)
FN:394,(anonymous_40)
FN:395,(anonymous_41)
FN:407,(anonymous_42)
FN:416,(anonymous_43)
FN:424,(anonymous_44)
FN:436,(anonymous_45)
FN:487,(anonymous_46)
FN:503,(anonymous_47)
FN:528,(anonymous_48)
FN:540,(anonymous_49)
FNF:50
FNH:43
FNDA:257,(anonymous_0)
FNDA:142,(anonymous_1)
FNDA:120,(anonymous_2)
FNDA:188,(anonymous_3)
FNDA:1,(anonymous_4)
FNDA:126,(anonymous_5)
FNDA:44,(anonymous_6)
FNDA:27,(anonymous_7)
FNDA:52,(anonymous_8)
FNDA:27,(anonymous_9)
FNDA:26,(anonymous_10)
FNDA:0,(anonymous_11)
FNDA:28,(anonymous_12)
FNDA:27,(anonymous_13)
FNDA:34,(anonymous_14)
FNDA:5,(anonymous_15)
FNDA:1,(anonymous_16)
FNDA:1,(anonymous_17)
FNDA:1,(anonymous_18)
FNDA:62,(anonymous_19)
FNDA:118,(anonymous_20)
FNDA:0,(anonymous_21)
FNDA:1,(anonymous_22)
FNDA:1,(anonymous_23)
FNDA:1,(anonymous_24)
FNDA:1,(anonymous_25)
FNDA:1,(anonymous_26)
FNDA:1,(anonymous_27)
FNDA:2,(anonymous_28)
FNDA:1,(anonymous_29)
FNDA:1,(anonymous_30)
FNDA:1,(anonymous_31)
FNDA:61,(anonymous_32)
FNDA:58,(anonymous_33)
FNDA:62,(anonymous_34)
FNDA:0,(anonymous_35)
FNDA:0,(anonymous_36)
FNDA:3,(anonymous_37)
FNDA:2,(anonymous_38)
FNDA:62,(anonymous_39)
FNDA:0,(anonymous_40)
FNDA:0,(anonymous_41)
FNDA:2,(anonymous_42)
FNDA:62,(anonymous_43)
FNDA:0,(anonymous_44)
FNDA:62,(anonymous_45)
FNDA:62,(anonymous_46)
FNDA:61,(anonymous_47)
FNDA:60,(anonymous_48)
FNDA:61,(anonymous_49)
DA:25,5
DA:27,5
DA:28,257
DA:29,18
DA:31,239
DA:34,5
DA:35,142
DA:36,142
DA:43,5
DA:45,188
DA:46,120
DA:47,120
DA:50,5
DA:52,126
DA:54,52
DA:56,27
DA:57,26
DA:58,26
DA:61,5
DA:62,28
DA:63,27
DA:64,27
DA:66,26
DA:69,2
DA:74,27
DA:75,27
DA:76,27
DA:77,27
DA:78,27
DA:79,27
DA:80,27
DA:81,27
DA:82,27
DA:83,27
DA:85,27
DA:87,27
DA:89,27
DA:94,27
DA:96,27
DA:103,27
DA:116,34
DA:119,27
DA:120,5
DA:121,4
DA:123,1
DA:127,1
DA:128,1
DA:130,1
DA:131,1
DA:135,1
DA:136,1
DA:138,1
DA:140,1
DA:141,1
DA:142,1
DA:144,1
DA:145,1
DA:147,1
DA:152,1
DA:155,0
DA:161,27
DA:166,62
DA:168,62
DA:172,118
DA:173,118
DA:177,115
DA:178,115
DA:180,118
DA:183,27
DA:184,0
DA:186,0
DA:187,0
DA:189,0
DA:191,0
DA:197,1
DA:198,0
DA:199,0
DA:200,0
DA:205,1
DA:206,1
DA:207,1
DA:208,1
DA:209,1
DA:211,1
DA:213,1
DA:214,1
DA:217,1
DA:221,1
DA:226,1
DA:227,1
DA:234,27
DA:235,1
DA:236,1
DA:237,1
DA:239,1
DA:243,1
DA:249,2
DA:250,1
DA:253,1
DA:255,1
DA:261,1
DA:265,1
DA:271,1
DA:272,1
DA:273,1
DA:274,1
DA:275,1
DA:282,27
DA:283,1
DA:289,61
DA:290,61
DA:291,61
DA:292,61
DA:293,1
DA:295,60
DA:296,60
DA:299,58
DA:301,58
DA:302,58
DA:303,58
DA:304,57
DA:306,58
DA:307,58
DA:335,60
DA:338,27
DA:339,62
DA:341,62
DA:345,0
DA:346,0
DA:359,27
DA:360,3
DA:361,3
DA:362,3
DA:363,3
DA:364,3
DA:365,2
DA:366,2
DA:368,3
DA:369,3
DA:375,27
DA:376,2
DA:377,2
DA:378,2
DA:379,2
DA:385,27
DA:386,62
DA:387,62
DA:388,62
DA:394,0
DA:395,0
DA:407,27
DA:408,2
DA:409,2
DA:410,2
DA:411,2
DA:416,27
DA:417,62
DA:418,62
DA:419,62
DA:424,0
DA:436,27
DA:437,62
DA:438,62
DA:444,62
DA:446,62
DA:487,27
DA:488,62
DA:489,62
DA:491,62
DA:503,27
DA:504,61
DA:506,61
DA:507,61
DA:528,27
DA:529,60
DA:541,61
DA:542,1
DA:545,60
DA:546,60
DA:547,60
DA:549,60
DA:580,5
LF:182
LH:168
BRDA:28,0,0,18
BRDA:28,0,1,239
BRDA:52,1,0,1
BRDA:52,2,0,118
BRDA:52,2,1,8
BRDA:52,3,0,47
BRDA:52,3,1,71
BRDA:56,4,0,1
BRDA:58,5,0,0
BRDA:58,5,1,26
BRDA:61,6,0,27
BRDA:62,7,0,27
BRDA:62,7,1,1
BRDA:62,8,0,28
BRDA:62,8,1,28
BRDA:64,9,0,26
BRDA:64,9,1,1
BRDA:64,10,0,27
BRDA:64,10,1,27
BRDA:64,10,2,27
BRDA:64,10,3,27
BRDA:107,11,0,27
BRDA:107,11,1,1
BRDA:108,12,0,26
BRDA:108,12,1,1
BRDA:120,13,0,4
BRDA:120,13,1,1
BRDA:163,14,0,1
BRDA:164,15,0,1
BRDA:165,16,0,1
BRDA:168,17,0,62
BRDA:168,17,1,60
BRDA:168,17,2,54
BRDA:173,18,0,115
BRDA:173,18,1,3
BRDA:197,19,0,0
BRDA:197,19,1,1
BRDA:213,20,0,1
BRDA:213,20,1,0
BRDA:249,21,0,1
BRDA:249,21,1,1
BRDA:292,22,0,1
BRDA:292,22,1,60
BRDA:301,23,0,58
BRDA:301,23,1,0
BRDA:303,24,0,57
BRDA:303,24,1,1
BRDA:303,25,0,58
BRDA:303,25,1,57
BRDA:361,26,0,1
BRDA:361,27,0,3
BRDA:361,27,1,1
BRDA:364,28,0,2
BRDA:364,28,1,1
BRDA:364,29,0,3
BRDA:364,29,1,2
BRDA:364,29,2,2
BRDA:366,30,0,1
BRDA:366,30,1,1
BRDA:368,31,0,1
BRDA:368,31,1,2
BRDA:378,32,0,1
BRDA:378,32,1,1
BRDA:409,33,0,1
BRDA:409,34,0,2
BRDA:409,34,1,1
BRDA:441,35,0,1
BRDA:442,36,0,1
BRDA:443,37,0,1
BRDA:466,38,0,62
BRDA:466,38,1,62
BRDA:541,39,0,1
BRDA:541,39,1,60
BRDA:562,40,0,60
BRDA:562,40,1,60
BRF:75
BRH:71
end_of_record
TN:
SF:/Users/girish.prajapati/MyDriveTwo/ui/src/main/webapp/js/components/modelConfigs/TrainingConfigs.jsx
FN:14,(anonymous_0)
FN:35,(anonymous_1)
FN:42,(anonymous_2)
FN:50,(anonymous_3)
FN:55,(anonymous_4)
FN:59,(anonymous_5)
FN:63,(anonymous_6)
FN:68,(anonymous_7)
FN:73,(anonymous_8)
FN:78,(anonymous_9)
FN:83,(anonymous_10)
FN:92,(anonymous_11)
FN:97,(anonymous_12)
FN:105,(anonymous_13)
FN:112,(anonymous_14)
FN:135,(anonymous_15)
FN:140,(anonymous_16)
FNF:17
FNH:16
FNDA:1,(anonymous_0)
FNDA:7,(anonymous_1)
FNDA:6,(anonymous_2)
FNDA:1,(anonymous_3)
FNDA:1,(anonymous_4)
FNDA:1,(anonymous_5)
FNDA:0,(anonymous_6)
FNDA:1,(anonymous_7)
FNDA:1,(anonymous_8)
FNDA:1,(anonymous_9)
FNDA:1,(anonymous_10)
FNDA:2,(anonymous_11)
FNDA:2,(anonymous_12)
FNDA:2,(anonymous_13)
FNDA:1,(anonymous_14)
FNDA:1,(anonymous_15)
FNDA:7,(anonymous_16)
DA:15,1
DA:16,1
DA:17,1
DA:18,1
DA:19,1
DA:20,1
DA:21,1
DA:22,1
DA:24,1
DA:25,1
DA:26,1
DA:27,1
DA:36,7
DA:37,7
DA:43,6
DA:44,6
DA:47,0
DA:51,1
DA:52,1
DA:56,1
DA:60,1
DA:64,0
DA:65,0
DA:69,1
DA:71,1
DA:73,1
DA:74,1
DA:79,1
DA:80,1
DA:81,1
DA:82,1
DA:83,1
DA:84,1
DA:88,0
DA:93,2
DA:94,2
DA:98,2
DA:99,2
DA:101,2
DA:103,2
DA:105,2
DA:106,2
DA:107,2
DA:113,1
DA:114,1
DA:115,1
DA:116,1
DA:117,1
DA:118,1
DA:119,1
DA:120,0
DA:121,0
DA:122,0
DA:124,1
DA:125,0
DA:126,0
DA:129,0
DA:130,0
DA:132,1
DA:136,1
DA:141,7
DA:142,0
DA:147,7
DA:148,7
DA:149,7
DA:150,7
DA:151,7
DA:152,7
DA:153,7
DA:155,7
DA:156,7
DA:157,7
DA:158,7
DA:161,7
DA:162,7
DA:167,7
DA:269,5
LF:77
LH:65
BRDA:28,0,0,1
BRDA:28,0,1,0
BRDA:36,1,0,7
BRDA:36,1,1,0
BRDA:43,2,0,6
BRDA:43,2,1,0
BRDA:51,3,0,0
BRDA:93,4,0,2
BRDA:93,4,1,0
BRDA:97,5,0,2
BRDA:106,6,0,2
BRDA:106,6,1,0
BRDA:117,7,0,1
BRDA:117,7,1,0
BRDA:117,8,0,1
BRDA:117,8,1,1
BRDA:119,9,0,0
BRDA:119,9,1,1
BRDA:120,10,0,0
BRDA:120,10,1,0
BRDA:120,11,0,0
BRDA:120,11,1,0
BRDA:124,12,0,0
BRDA:124,12,1,1
BRDA:124,13,0,1
BRDA:124,13,1,1
BRDA:141,14,0,0
BRDA:141,14,1,7
BRDA:150,15,0,7
BRDA:150,15,1,0
BRDA:155,16,0,7
BRDA:155,16,1,0
BRDA:156,17,0,7
BRDA:156,17,1,0
BRDA:157,18,0,7
BRDA:157,18,1,0
BRDA:161,19,0,7
BRDA:161,19,1,0
BRDA:175,20,0,7
BRDA:175,20,1,4
BRDA:176,21,0,7
BRDA:176,21,1,4
BRDA:230,22,0,7
BRDA:230,22,1,4
BRDA:243,23,0,0
BRDA:243,23,1,4
BRF:46
BRH:26
end_of_record
TN:
SF:/Users/girish.prajapati/MyDriveTwo/ui/src/main/webapp/js/components/modelConfigs/modelConfigUtilities.js
FN:3,(anonymous_0)
FN:11,(anonymous_1)
FN:18,(anonymous_2)
FN:20,(anonymous_3)
FN:27,(anonymous_4)
FN:33,(anonymous_5)
FN:43,(anonymous_6)
FN:49,(anonymous_7)
FNF:8
FNH:7
FNDA:3,(anonymous_0)
FNDA:0,(anonymous_1)
FNDA:14,(anonymous_2)
FNDA:6,(anonymous_3)
FNDA:2,(anonymous_4)
FNDA:3,(anonymous_5)
FNDA:3,(anonymous_6)
FNDA:5,(anonymous_7)
DA:3,15
DA:4,3
DA:5,3
DA:6,3
DA:8,3
DA:11,15
DA:12,0
DA:13,0
DA:14,0
DA:18,15
DA:20,15
DA:27,15
DA:33,15
DA:43,15
DA:49,15
DA:50,5
DA:51,5
DA:52,0
DA:54,5
LF:19
LH:15
BRDA:18,0,0,4
BRDA:18,0,1,10
BRDA:51,1,0,0
BRDA:51,1,1,5
BRF:4
BRH:3
end_of_record
TN:
SF:/Users/girish.prajapati/MyDriveTwo/ui/src/main/webapp/js/components/modelConfigs/testModelData.js
FNF:0
FNH:0
DA:1,2
DA:18,2
LF:2
LH:2
BRF:0
BRH:0
end_of_record
TN:
SF:/Users/girish.prajapati/MyDriveTwo/ui/src/main/webapp/js/components/modelConfigs/transformations/AddPredefinedTransformationDialog.jsx
FN:12,(anonymous_0)
FN:30,(anonymous_1)
FN:34,(anonymous_2)
FN:42,(anonymous_3)
FN:48,(anonymous_4)
FN:53,(anonymous_5)
FN:60,(anonymous_6)
FNF:7
FNH:4
FNDA:1,(anonymous_0)
FNDA:0,(anonymous_1)
FNDA:0,(anonymous_2)
FNDA:0,(anonymous_3)
FNDA:1,(anonymous_4)
FNDA:17,(anonymous_5)
FNDA:1,(anonymous_6)
DA:13,1
DA:14,1
DA:16,1
DA:18,1
DA:20,1
DA:21,1
DA:22,1
DA:23,1
DA:25,1
DA:31,0
DA:35,0
DA:36,0
DA:37,0
DA:38,0
DA:43,0
DA:49,1
DA:51,1
DA:53,1
DA:54,17
DA:57,1
DA:61,1
DA:86,7
LF:22
LH:16
BRDA:36,0,0,0
BRDA:36,0,1,0
BRF:2
BRH:0
end_of_record
TN:
SF:/Users/girish.prajapati/MyDriveTwo/ui/src/main/webapp/js/components/modelConfigs/transformations/AddTransformationDialog.jsx
FN:16,(anonymous_0)
FN:58,(anonymous_1)
FN:62,(anonymous_2)
FN:66,(anonymous_3)
FN:75,(anonymous_4)
FN:77,(anonymous_5)
FN:97,(anonymous_6)
FN:105,(anonymous_7)
FN:109,(anonymous_8)
FN:113,(anonymous_9)
FN:126,(anonymous_10)
FN:134,(anonymous_11)
FN:138,(anonymous_12)
FN:142,(anonymous_13)
FN:154,(anonymous_14)
FN:174,(anonymous_15)
FN:184,(anonymous_16)
FN:188,(anonymous_17)
FN:200,(anonymous_18)
FN:240,(anonymous_19)
FNF:20
FNH:4
FNDA:1,(anonymous_0)
FNDA:0,(anonymous_1)
FNDA:0,(anonymous_2)
FNDA:0,(anonymous_3)
FNDA:0,(anonymous_4)
FNDA:0,(anonymous_5)
FNDA:0,(anonymous_6)
FNDA:0,(anonymous_7)
FNDA:0,(anonymous_8)
FNDA:0,(anonymous_9)
FNDA:0,(anonymous_10)
FNDA:0,(anonymous_11)
FNDA:0,(anonymous_12)
FNDA:0,(anonymous_13)
FNDA:0,(anonymous_14)
FNDA:0,(anonymous_15)
FNDA:1,(anonymous_16)
FNDA:0,(anonymous_17)
FNDA:1,(anonymous_18)
FNDA:1,(anonymous_19)
DA:13,7
DA:17,1
DA:18,1
DA:20,1
DA:26,1
DA:28,1
DA:29,1
DA:30,1
DA:31,1
DA:32,1
DA:33,1
DA:34,1
DA:35,1
DA:36,1
DA:37,1
DA:38,1
DA:39,1
DA:41,1
DA:42,1
DA:43,1
DA:44,0
DA:45,0
DA:48,1
DA:59,0
DA:63,0
DA:67,0
DA:68,0
DA:69,0
DA:71,0
DA:73,0
DA:74,0
DA:75,0
DA:76,0
DA:77,0
DA:78,0
DA:79,0
DA:80,0
DA:81,0
DA:86,0
DA:87,0
DA:88,0
DA:90,0
DA:98,0
DA:100,0
DA:101,0
DA:110,0
DA:114,0
DA:115,0
DA:116,0
DA:118,0
DA:120,0
DA:121,0
DA:127,0
DA:129,0
DA:130,0
DA:135,0
DA:139,0
DA:140,0
DA:142,0
DA:143,0
DA:151,0
DA:155,0
DA:156,0
DA:157,0
DA:158,0
DA:160,0
DA:161,0
DA:162,0
DA:164,0
DA:166,0
DA:176,0
DA:177,0
DA:179,0
DA:185,1
DA:186,1
DA:188,1
DA:189,0
DA:197,1
DA:201,1
DA:202,0
DA:219,1
DA:220,0
DA:237,1
DA:241,1
DA:242,1
DA:273,7
LF:86
LH:31
BRDA:41,0,0,0
BRDA:41,0,1,1
BRDA:43,1,0,0
BRDA:43,1,1,1
BRDA:73,2,0,0
BRDA:73,2,1,0
BRDA:74,3,0,0
BRDA:74,3,1,0
BRDA:75,4,0,0
BRDA:75,4,1,0
BRDA:78,5,0,0
BRDA:78,5,1,0
BRDA:79,6,0,0
BRDA:79,6,1,0
BRDA:86,7,0,0
BRDA:86,7,1,0
BRDA:98,8,0,0
BRDA:98,8,1,0
BRDA:98,9,0,0
BRDA:98,9,1,0
BRDA:116,10,0,0
BRDA:116,10,1,0
BRDA:116,11,0,0
BRDA:116,11,1,0
BRDA:127,12,0,0
BRDA:127,12,1,0
BRDA:127,13,0,0
BRDA:127,13,1,0
BRDA:160,14,0,0
BRDA:160,14,1,0
BRDA:176,15,0,0
BRDA:176,15,1,0
BRDA:201,16,0,0
BRDA:201,16,1,1
BRDA:219,17,0,0
BRDA:219,17,1,1
BRDA:252,18,0,1
BRDA:252,18,1,0
BRF:38
BRH:5
end_of_record
TN:
SF:/Users/girish.prajapati/MyDriveTwo/ui/src/main/webapp/js/components/modelConfigs/transformations/DragDropWrapper.jsx
FN:10,(anonymous_0)
FN:25,(anonymous_1)
FN:30,(anonymous_2)
FN:37,(anonymous_3)
FN:71,(anonymous_4)
FNF:5
FNH:4
FNDA:10,(anonymous_0)
[...]
FNDA:0,(anonymous_1)
FNDA:8,(anonymous_2)
FNDA:41,(anonymous_3)
FNDA:0,(anonymous_4)
DA:4,79
DA:22,79
DA:23,79
DA:25,79
DA:31,0
DA:33,0
DA:35,0
DA:37,0
DA:39,0
DA:41,0
DA:43,0
DA:45,0
DA:47,0
DA:49,0
DA:51,0
DA:53,0
DA:58,8
DA:59,7
DA:61,1
DA:66,41
DA:68,41
DA:69,41
DA:70,0
DA:71,41
DA:72,0
DA:75,0
DA:76,0
DA:78,0
DA:79,0
DA:83,0
DA:84,0
DA:86,0
DA:90,0
DA:91,0
DA:95,0
DA:96,0
DA:98,0
DA:106,79
LF:38
LH:12
BRDA:31,0,0,0
BRDA:31,0,1,0
BRDA:31,0,2,0
BRDA:31,0,3,0
BRDA:31,0,4,0
BRDA:31,0,5,0
BRDA:31,0,6,0
BRDA:31,0,7,0
BRDA:31,0,8,0
BRDA:31,0,9,0
BRDA:31,0,10,0
BRDA:58,1,0,7
BRDA:58,1,1,1
BRDA:68,2,0,41
BRDA:68,2,1,0
BRDA:69,3,0,0
BRDA:69,3,1,41
BRDA:71,4,0,0
BRDA:71,4,1,41
BRDA:76,5,0,0
BRDA:76,5,1,0
BRDA:83,6,0,0
BRDA:83,6,1,0
BRDA:83,7,0,0
BRDA:83,7,1,0
BRDA:95,8,0,0
BRDA:95,8,1,0
BRDA:95,9,0,0
BRDA:95,9,1,0
BRF:29
BRH:5
end_of_record
TN:
SF:/Users/girish.prajapati/MyDriveTwo/ui/src/main/webapp/js/utils/FeatureFlags.js
FN:3,(anonymous_0)
FNF:1
FNH:1
FNDA:514,(anonymous_0)
DA:3,33
DA:4,514
DA:5,452
DA:7,452
DA:8,396
DA:12,118
DA:17,33
LF:7
LH:7
BRDA:3,0,0,488
BRDA:4,1,0,452
BRDA:4,1,1,62
BRDA:4,2,0,514
BRDA:4,2,1,454
BRDA:4,2,2,453
BRDA:7,3,0,396
BRDA:7,3,1,56
BRF:8
BRH:8
end_of_record
TN:
SF:/Users/girish.prajapati/MyDriveTwo/ui/src/main/webapp/js/utils/ObjectUtils.js
FN:14,(anonymous_0)
FN:17,(anonymous_1)
FN:21,(anonymous_2)
FN:25,(anonymous_3)
FN:32,(anonymous_4)
FN:35,(anonymous_5)
FN:45,(anonymous_6)
FN:47,(anonymous_7)
FN:55,(anonymous_8)
FN:57,(anonymous_9)
FN:67,(anonymous_10)
FN:82,(anonymous_11)
FN:84,(anonymous_12)
FN:91,(anonymous_13)
FN:92,(anonymous_14)
FN:95,(anonymous_15)
FN:96,(anonymous_16)
FNF:17
FNH:13
FNDA:4,(anonymous_0)
FNDA:4,(anonymous_1)
FNDA:40,(anonymous_2)
FNDA:28,(anonymous_3)
FNDA:1,(anonymous_4)
FNDA:1,(anonymous_5)
FNDA:2,(anonymous_6)
FNDA:2,(anonymous_7)
FNDA:2,(anonymous_8)
FNDA:1,(anonymous_9)
FNDA:2,(anonymous_10)
FNDA:5,(anonymous_11)
FNDA:10,(anonymous_12)
FNDA:0,(anonymous_13)
FNDA:0,(anonymous_14)
FNDA:0,(anonymous_15)
FNDA:0,(anonymous_16)
DA:14,12
DA:18,4
DA:22,40
DA:26,28
DA:33,1
DA:34,1
DA:35,1
DA:36,1
DA:37,1
DA:38,1
DA:40,1
DA:41,1
DA:42,1
DA:46,2
DA:47,2
DA:48,2
DA:49,1
DA:52,2
DA:56,2
DA:57,2
DA:58,2
DA:71,2
DA:72,1
DA:73,1
DA:75,1
DA:79,2
DA:83,5
DA:84,5
DA:85,10
DA:86,9
DA:88,5
DA:92,0
DA:96,0
LF:33
LH:31
BRDA:14,0,0,0
BRDA:14,0,1,4
BRDA:14,1,0,4
BRDA:14,1,1,4
BRDA:17,2,0,3
BRDA:18,3,0,4
BRDA:18,3,1,2
BRDA:22,4,0,40
BRDA:22,4,1,26
BRDA:26,5,0,28
BRDA:26,5,1,13
BRDA:36,6,0,1
BRDA:36,6,1,1
BRDA:48,7,0,1
BRDA:48,7,1,1
BRDA:71,8,0,1
BRDA:71,8,1,1
BRDA:85,9,0,1
BRDA:85,9,1,9
BRDA:85,10,0,10
BRDA:85,10,1,5
BRDA:86,11,0,2
BRDA:86,11,1,7
BRF:23
BRH:22
end_of_record
TN:
SF:/Users/girish.prajapati/MyDriveTwo/ui/src/main/webapp/js/utils/StringUtils.js
FN:2,(anonymous_0)
FN:41,(anonymous_1)
FN:43,(anonymous_2)
FN:43,(anonymous_3)
FNF:4
FNH:2
FNDA:50,(anonymous_0)
FNDA:25,(anonymous_1)
FNDA:0,(anonymous_2)
FNDA:0,(anonymous_3)
DA:2,17
DA:13,50
DA:36,50
DA:37,50
DA:41,25
DA:43,17
LF:6
LH:6
BRF:0
BRH:0
end_of_record
TN:
SF:/Users/girish.prajapati/MyDriveTwo/ui/src/main/webapp/js/utils/TableUtils.js
FN:4,(anonymous_0)
FN:13,(anonymous_1)
FN:21,(anonymous_2)
FN:28,(anonymous_3)
FN:34,(anonymous_4)
FN:63,(anonymous_5)
FN:69,(anonymous_6)
FN:89,(anonymous_7)
FN:112,(anonymous_8)
FN:122,(anonymous_9)
FN:124,(anonymous_10)
FNF:11
FNH:11
FNDA:10,(anonymous_0)
FNDA:747,(anonymous_1)
FNDA:2,(anonymous_2)
FNDA:1,(anonymous_3)
FNDA:1,(anonymous_4)
FNDA:1,(anonymous_5)
FNDA:1,(anonymous_6)
FNDA:1,(anonymous_7)
FNDA:3,(anonymous_8)
FNDA:2,(anonymous_9)
FNDA:6,(anonymous_10)
DA:5,10
DA:6,10
DA:7,10
DA:8,10
DA:9,10
DA:10,10
DA:14,747
DA:15,1
DA:18,746
DA:22,2
DA:23,1
DA:25,1
DA:29,1
DA:30,1
DA:31,1
DA:33,1
DA:34,1
DA:35,1
DA:36,1
DA:38,1
DA:46,1
DA:47,1
DA:51,1
DA:56,1
DA:57,1
DA:60,1
DA:63,10
DA:64,1
DA:65,1
DA:66,1
DA:68,1
DA:69,1
DA:70,1
DA:71,1
DA:72,0
DA:74,1
DA:77,1
DA:82,1
DA:83,0
DA:86,1
DA:89,1
DA:90,1
DA:96,1
DA:97,1
DA:101,1
DA:106,1
DA:107,1
DA:109,1
DA:113,3
DA:115,3
DA:117,3
DA:123,2
DA:124,2
DA:125,6
DA:126,4
DA:130,2
DA:134,10
LF:57
LH:55
BRDA:14,0,0,1
BRDA:14,0,1,746
BRDA:14,1,0,747
BRDA:14,1,1,747
BRDA:14,1,2,1
BRDA:22,2,0,1
BRDA:22,2,1,1
BRDA:22,3,0,2
BRDA:22,3,1,2
BRDA:22,3,2,1
BRDA:33,4,0,1
BRDA:33,4,1,0
BRDA:33,5,0,1
BRDA:33,5,1,1
BRDA:47,6,0,1
BRDA:47,6,1,1
BRDA:68,7,0,1
BRDA:68,7,1,0
BRDA:70,8,0,1
BRDA:70,8,1,0
BRDA:71,9,0,0
BRDA:71,9,1,1
BRDA:71,10,0,1
BRDA:71,10,1,1
BRDA:82,11,0,0
BRDA:82,11,1,1
BRDA:97,12,0,1
BRDA:97,12,1,1
BRDA:115,13,0,0
BRDA:115,13,1,3
BRDA:117,14,0,1
BRDA:117,14,1,2
BRDA:125,15,0,4
BRDA:125,15,1,2
BRF:34
BRH:28
end_of_record
TN:
SF:/Users/girish.prajapati/MyDriveTwo/ui/src/main/webapp/js/utils/ValidationUtil.js
FN:6,(anonymous_0)
FN:10,(anonymous_1)
FN:21,(anonymous_2)
FN:45,(anonymous_3)
FN:69,(anonymous_4)
FN:70,(anonymous_5)
FN:77,(anonymous_6)
FN:85,(anonymous_7)
FN:98,(anonymous_8)
FN:109,(anonymous_9)
FN:113,(anonymous_10)
FN:142,(anonymous_11)
FN:168,(anonymous_12)
FN:184,(anonymous_13)
FN:191,(anonymous_14)
FNF:15
FNH:13
FNDA:62,(anonymous_0)
FNDA:7,(anonymous_1)
FNDA:0,(anonymous_2)
FNDA:18,(anonymous_3)
FNDA:5,(anonymous_4)
FNDA:5,(anonymous_5)
FNDA:9,(anonymous_6)
FNDA:0,(anonymous_7)
FNDA:11,(anonymous_8)
FNDA:40,(anonymous_9)
FNDA:16,(anonymous_10)
FNDA:20,(anonymous_11)
FNDA:4,(anonymous_12)
FNDA:7,(anonymous_13)
FNDA:2,(anonymous_14)
DA:7,62
DA:10,62
DA:11,7
DA:17,7
DA:22,0
DA:24,0
DA:26,0
DA:29,0
DA:31,0
DA:34,0
DA:35,0
DA:36,0
DA:39,0
DA:42,0
DA:46,18
DA:47,18
DA:48,15
DA:49,15
DA:50,6
DA:52,9
DA:53,7
DA:54,32
DA:55,1
DA:56,1
DA:57,31
DA:58,9
DA:59,22
DA:60,1
DA:61,1
DA:66,12
DA:70,5
DA:71,5
DA:72,5
DA:74,5
DA:78,9
DA:79,6
DA:80,6
DA:82,3
DA:86,0
DA:91,0
DA:92,0
DA:95,0
DA:99,11
DA:100,11
DA:104,8
DA:106,11
DA:110,40
DA:114,16
DA:115,2
DA:117,14
DA:118,14
DA:119,1
DA:122,13
DA:123,1
DA:126,12
DA:127,0
DA:130,12
DA:131,12
DA:139,12
DA:143,20
DA:144,2
DA:146,18
DA:147,18
DA:148,1
DA:149,17
DA:150,1
DA:152,16
DA:153,0
DA:156,16
DA:157,16
DA:158,16
DA:159,7
DA:161,9
DA:162,9
DA:163,2
DA:165,7
DA:169,4
DA:170,1
DA:172,3
DA:173,3
DA:174,1
DA:175,2
DA:176,1
DA:178,1
DA:179,0
DA:181,1
DA:185,7
DA:186,4
DA:188,3
DA:192,2
DA:193,2
DA:195,1
DA:197,1
DA:201,62
LF:94
LH:77
BRDA:10,0,0,7
BRDA:24,1,0,0
BRDA:24,1,1,0
BRDA:26,2,0,0
BRDA:26,2,1,0
BRDA:31,3,0,0
BRDA:31,3,1,0
BRDA:35,4,0,0
BRDA:35,4,1,0
BRDA:35,5,0,0
BRDA:35,5,1,0
BRDA:35,5,2,0
BRDA:47,6,0,15
BRDA:47,6,1,3
BRDA:49,7,0,6
BRDA:49,7,1,9
BRDA:52,8,0,7
BRDA:52,8,1,2
BRDA:52,9,0,9
BRDA:52,9,1,8
BRDA:54,10,0,1
BRDA:54,10,1,31
BRDA:54,11,0,32
BRDA:54,11,1,10
BRDA:57,12,0,9
BRDA:57,12,1,22
BRDA:57,13,0,31
BRDA:57,13,1,9
BRDA:59,14,0,1
BRDA:59,14,1,21
BRDA:71,15,0,3
BRDA:71,15,1,2
BRDA:78,16,0,6
BRDA:78,16,1,3
BRDA:91,17,0,0
BRDA:91,17,1,0
BRDA:100,18,0,8
BRDA:100,18,1,3
BRDA:100,19,0,11
BRDA:100,19,1,10
BRDA:100,19,2,7
BRDA:100,19,3,4
BRDA:100,19,4,4
BRDA:110,20,0,40
BRDA:110,20,1,39
BRDA:110,20,2,38
BRDA:110,20,3,37
BRDA:114,21,0,2
BRDA:114,21,1,14
BRDA:118,22,0,1
BRDA:118,22,1,13
BRDA:118,23,0,14
BRDA:118,23,1,2
BRDA:122,24,0,1
BRDA:122,24,1,12
BRDA:122,25,0,13
BRDA:122,25,1,1
BRDA:126,26,0,0
BRDA:126,26,1,12
BRDA:143,27,0,2
BRDA:143,27,1,18
BRDA:147,28,0,1
BRDA:147,28,1,17
BRDA:147,29,0,18
BRDA:147,29,1,2
BRDA:149,30,0,1
BRDA:149,30,1,16
BRDA:149,31,0,17
BRDA:149,31,1,1
BRDA:152,32,0,0
BRDA:152,32,1,16
BRDA:158,33,0,7
BRDA:158,33,1,9
BRDA:162,34,0,2
BRDA:162,34,1,7
BRDA:165,35,0,7
BRDA:165,35,1,6
BRDA:165,35,2,5
BRDA:169,36,0,1
BRDA:169,36,1,3
BRDA:173,37,0,1
BRDA:173,37,1,2
BRDA:173,38,0,3
BRDA:173,38,1,2
BRDA:175,39,0,1
BRDA:175,39,1,1
BRDA:175,40,0,2
BRDA:175,40,1,1
BRDA:178,41,0,0
BRDA:178,41,1,1
BRDA:185,42,0,4
BRDA:185,42,1,3
BRDA:185,43,0,7
BRDA:185,43,1,5
BRF:94
BRH:78
end_of_record
TN:
SF:/Users/girish.prajapati/MyDriveTwo/ui/src/main/webapp/js/utils/amplitudeUtils.js
FN:5,(anonymous_0)
FN:12,(anonymous_1)
FN:20,(anonymous_2)
FNF:3
FNH:1
FNDA:0,(anonymous_0)
FNDA:5,(anonymous_1)
FNDA:0,(anonymous_2)
DA:5,79
DA:7,0
DA:8,0
DA:12,79
DA:20,79
DA:21,0
DA:22,0
DA:23,0
DA:24,0
DA:27,0
LF:10
LH:3
BRDA:5,0,0,0
BRDA:7,1,0,0
BRDA:8,2,0,0
BRDA:12,3,0,0
BRDA:12,4,0,0
BRDA:21,5,0,0
BRDA:22,6,0,0
BRDA:22,7,0,0
BRDA:23,8,0,0
BRF:9
BRH:0
end_of_record
TN:
SF:/Users/girish.prajapati/MyDriveTwo/ui/src/main/webapp/js/utils/api.js
FN:4,(anonymous_0)
FN:17,(anonymous_1)
FN:33,(anonymous_2)
FN:37,(anonymous_3)
FN:49,(anonymous_4)
FN:56,(anonymous_5)
FN:59,(anonymous_6)
FN:69,(anonymous_7)
FN:73,(anonymous_8)
FN:77,(anonymous_9)
FN:81,(anonymous_10)
FN:85,(anonymous_11)
FNF:12
FNH:4
FNDA:0,(anonymous_0)
FNDA:0,(anonymous_1)
FNDA:1,(anonymous_2)
FNDA:1,(anonymous_3)
FNDA:0,(anonymous_4)
FNDA:1,(anonymous_5)
FNDA:0,(anonymous_6)
FNDA:1,(anonymous_7)
FNDA:0,(anonymous_8)
FNDA:0,(anonymous_9)
FNDA:0,(anonymous_10)
FNDA:0,(anonymous_11)
DA:4,79
DA:5,0
DA:6,0
DA:7,0
DA:10,79
DA:18,0
DA:21,0
DA:22,0
DA:26,0
DA:29,0
DA:34,1
DA:50,1
DA:51,1
DA:57,1
DA:60,0
DA:70,1
DA:74,0
DA:78,0
DA:82,0
DA:86,0
LF:20
LH:7
BRDA:17,0,0,0
BRDA:17,1,0,0
BRDA:18,2,0,0
BRDA:18,2,1,0
BRDA:22,3,0,0
BRDA:22,3,1,0
BRDA:33,4,0,0
BRDA:37,5,0,0
BRDA:37,6,0,0
BRDA:40,7,0,0
BRDA:41,8,0,1
BRDA:42,9,0,0
BRDA:43,10,0,1
BRDA:44,11,0,1
BRDA:45,12,0,1
BRDA:46,13,0,1
BRDA:47,14,0,1
BRDA:48,15,0,1
BRDA:49,16,0,0
BRDA:69,17,0,0
BRDA:73,18,0,0
BRDA:77,19,0,0
BRDA:81,20,0,0
BRDA:85,21,0,0
BRF:24
BRH:7
end_of_record
TN:
SF:/Users/girish.prajapati/MyDriveTwo/ui/src/main/webapp/js/utils/apiUrls.js
FN:94,(anonymous_0)
FN:95,(anonymous_1)
FN:96,(anonymous_2)
FN:97,(anonymous_3)
FN:98,(anonymous_4)
FN:101,(anonymous_5)
FN:102,(anonymous_6)
FN:103,(anonymous_7)
FN:104,(anonymous_8)
FN:105,(anonymous_9)
FN:106,(anonymous_10)
FN:108,(anonymous_11)
FN:109,(anonymous_12)
FN:119,(anonymous_13)
FN:120,(anonymous_14)
FN:127,(anonymous_15)
FN:128,(anonymous_16)
FN:129,(anonymous_17)
FN:131,(anonymous_18)
FN:133,(anonymous_19)
FN:134,(anonymous_20)
FN:135,(anonymous_21)
FN:136,(anonymous_22)
FN:144,(anonymous_23)
FN:145,(anonymous_24)
FN:146,(anonymous_25)
FN:147,(anonymous_26)
FN:148,(anonymous_27)
FN:156,(anonymous_28)
FN:158,(anonymous_29)
FN:159,(anonymous_30)
FN:160,(anonymous_31)
FN:161,(anonymous_32)
FN:163,(anonymous_33)
FN:166,(anonymous_34)
FN:167,(anonymous_35)
FN:168,(anonymous_36)
FN:169,(anonymous_37)
FN:171,(anonymous_38)
FN:172,(anonymous_39)
FN:173,(anonymous_40)
FN:174,(anonymous_41)
FN:175,(anonymous_42)
FN:176,(anonymous_43)
FN:177,(anonymous_44)
FN:178,(anonymous_45)
FN:179,(anonymous_46)
FN:180,(anonymous_47)
FN:181,(anonymous_48)
FN:182,(anonymous_49)
FN:183,(anonymous_50)
FN:184,(anonymous_51)
FN:185,(anonymous_52)
FN:186,(anonymous_53)
FN:187,(anonymous_54)
FN:189,(anonymous_55)
FN:190,(anonymous_56)
FN:191,(anonymous_57)
FN:192,(anonymous_58)
FN:193,(anonymous_59)
FN:194,(anonymous_60)
FN:195,(anonymous_61)
FN:196,(anonymous_62)
FN:197,(anonymous_63)
FN:198,(anonymous_64)
FN:199,(anonymous_65)
FN:202,(anonymous_66)
FN:203,(anonymous_67)
FN:204,(anonymous_68)
FN:205,(anonymous_69)
FN:207,(anonymous_70)
FN:208,(anonymous_71)
FN:209,(anonymous_72)
FN:210,(anonymous_73)
FN:211,(anonymous_74)
FN:212,(anonymous_75)
FN:213,(anonymous_76)
FN:214,(anonymous_77)
FN:215,(anonymous_78)
FN:216,(anonymous_79)
FN:217,(anonymous_80)
FN:218,(anonymous_81)
FN:229,(anonymous_82)
FN:243,(anonymous_83)
FN:248,(anonymous_84)
FNF:85
FNH:50
FNDA:5,(anonymous_0)
FNDA:7,(anonymous_1)
FNDA:49,(anonymous_2)
FNDA:7,(anonymous_3)
FNDA:9,(anonymous_4)
FNDA:7,(anonymous_5)
FNDA:1,(anonymous_6)
FNDA:1,(anonymous_7)
FNDA:1,(anonymous_8)
FNDA:3,(anonymous_9)
FNDA:23,(anonymous_10)
FNDA:3,(anonymous_11)
FNDA:5,(anonymous_12)
FNDA:10,(anonymous_13)
FNDA:2,(anonymous_14)
FNDA:2,(anonymous_15)
FNDA:0,(anonymous_16)
FNDA:0,(anonymous_17)
FNDA:0,(anonymous_18)
FNDA:0,(anonymous_19)
FNDA:0,(anonymous_20)
FNDA:0,(anonymous_21)
FNDA:0,(anonymous_22)
FNDA:0,(anonymous_23)
FNDA:0,(anonymous_24)
FNDA:0,(anonymous_25)
FNDA:2,(anonymous_26)
FNDA:0,(anonymous_27)
FNDA:0,(anonymous_28)
FNDA:2,(anonymous_29)
FNDA:1,(anonymous_30)
FNDA:0,(anonymous_31)
FNDA:1,(anonymous_32)
FNDA:1,(anonymous_33)
FNDA:1,(anonymous_34)
FNDA:0,(anonymous_35)
FNDA:0,(anonymous_36)
FNDA:0,(anonymous_37)
FNDA:3,(anonymous_38)
FNDA:2,(anonymous_39)
FNDA:1,(anonymous_40)
FNDA:0,(anonymous_41)
FNDA:1,(anonymous_42)
FNDA:0,(anonymous_43)
FNDA:1,(anonymous_44)
FNDA:0,(anonymous_45)
FNDA:0,(anonymous_46)
FNDA:0,(anonymous_47)
FNDA:0,(anonymous_48)
FNDA:2,(anonymous_49)
FNDA:1,(anonymous_50)
FNDA:1,(anonymous_51)
FNDA:2,(anonymous_52)
FNDA:1,(anonymous_53)
FNDA:1,(anonymous_54)
FNDA:1,(anonymous_55)
FNDA:0,(anonymous_56)
FNDA:0,(anonymous_57)
FNDA:3,(anonymous_58)
FNDA:4,(anonymous_59)
FNDA:1,(anonymous_60)
FNDA:0,(anonymous_61)
FNDA:3,(anonymous_62)
FNDA:4,(anonymous_63)
FNDA:1,(anonymous_64)
FNDA:0,(anonymous_65)
FNDA:0,(anonymous_66)
FNDA:0,(anonymous_67)
FNDA:0,(anonymous_68)
FNDA:0,(anonymous_69)
FNDA:0,(anonymous_70)
FNDA:3,(anonymous_71)
FNDA:0,(anonymous_72)
FNDA:0,(anonymous_73)
FNDA:0,(anonymous_74)
FNDA:32,(anonymous_75)
FNDA:7,(anonymous_76)
FNDA:1,(anonymous_77)
FNDA:4,(anonymous_78)
FNDA:1,(anonymous_79)
FNDA:2,(anonymous_80)
FNDA:0,(anonymous_81)
FNDA:26,(anonymous_82)
FNDA:33,(anonymous_83)
FNDA:209,(anonymous_84)
DA:4,84
DA:5,84
DA:7,84
DA:93,84
DA:94,5
DA:95,7
DA:96,49
DA:97,7
DA:98,9
DA:101,7
DA:102,1
DA:103,1
DA:104,1
DA:105,3
DA:106,23
DA:108,3
DA:110,5
DA:111,5
DA:112,4
DA:114,5
DA:115,5
DA:117,5
DA:119,10
DA:121,2
DA:122,2
DA:123,2
DA:125,2
DA:127,2
DA:128,0
DA:129,0
DA:131,0
DA:133,0
DA:134,0
DA:135,0
DA:137,0
DA:139,0
DA:142,0
DA:144,0
DA:145,0
DA:146,0
DA:147,2
DA:149,0
DA:154,0
DA:156,0
DA:158,2
DA:159,1
DA:160,0
DA:161,1
DA:163,1
DA:166,1
DA:167,0
DA:168,0
DA:169,0
DA:171,3
DA:172,2
DA:173,1
DA:174,0
DA:175,1
DA:176,0
DA:177,1
DA:178,0
DA:179,0
DA:180,0
DA:181,0
DA:182,2
DA:183,1
DA:184,1
DA:185,2
DA:186,1
DA:187,1
DA:189,1
DA:190,0
DA:191,0
DA:192,3
DA:193,4
DA:194,1
DA:195,0
DA:196,3
DA:197,4
DA:198,1
DA:199,0
DA:202,0
DA:203,0
DA:204,0
DA:205,0
DA:207,0
DA:208,3
DA:209,0
DA:210,0
DA:211,0
DA:212,32
DA:213,7
DA:214,1
DA:215,4
DA:216,1
DA:217,2
DA:218,0
DA:221,84
DA:225,84
DA:229,84
DA:230,26
DA:231,26
DA:233,26
DA:234,26
DA:236,26
DA:237,26
DA:240,26
DA:243,84
DA:244,33
DA:245,33
DA:248,84
DA:249,209
DA:251,209
DA:252,209
DA:254,209
DA:255,200
DA:257,200
DA:258,200
DA:261,209
LF:119
LH:81
BRDA:111,0,0,4
BRDA:111,0,1,1
BRDA:114,1,0,5
BRDA:114,1,1,0
BRDA:122,2,0,2
BRDA:122,2,1,0
BRDA:140,3,0,0
BRDA:140,3,1,0
BRDA:152,4,0,0
BRDA:152,4,1,0
BRDA:172,5,0,2
BRDA:172,5,1,0
BRDA:229,6,0,26
BRDA:233,7,0,26
BRDA:233,7,1,0
BRDA:236,8,0,26
BRDA:236,8,1,0
BRDA:244,9,0,24
BRDA:244,10,0,24
BRDA:248,11,0,80
BRDA:248,12,0,208
BRDA:254,13,0,200
BRDA:254,13,1,9
BRDA:257,14,0,200
BRDA:257,14,1,0
BRDA:257,15,0,200
BRDA:257,15,1,200
BRF:27
BRH:17
end_of_record
TN:
SF:/Users/girish.prajapati/MyDriveTwo/ui/src/main/webapp/js/utils/apiUtils.js
FN:4,(anonymous_0)
FN:25,(anonymous_1)
FN:29,(anonymous_2)
FN:37,(anonymous_3)
FN:39,(anonymous_4)
FNF:5
FNH:3
FNDA:12,(anonymous_0)
FNDA:2,(anonymous_1)
FNDA:2,(anonymous_2)
FNDA:0,(anonymous_3)
FNDA:0,(anonymous_4)
DA:4,52
DA:5,12
DA:6,12
DA:7,3
DA:9,12
DA:10,2
DA:12,12
DA:13,1
DA:15,12
DA:16,1
DA:18,12
DA:19,2
DA:22,12
DA:25,52
DA:26,2
DA:27,2
DA:28,1
DA:29,1
DA:30,2
DA:32,1
DA:34,2
DA:37,52
DA:38,0
DA:39,0
DA:40,0
DA:43,0
LF:26
LH:22
BRDA:6,0,0,3
BRDA:6,0,1,9
BRDA:9,1,0,2
BRDA:9,1,1,10
BRDA:12,2,0,1
BRDA:12,2,1,11
BRDA:15,3,0,1
BRDA:15,3,1,11
BRDA:18,4,0,2
BRDA:18,4,1,10
BRDA:27,5,0,1
BRDA:27,5,1,1
BRF:12
BRH:12
end_of_record
TN:
SF:/Users/girish.prajapati/MyDriveTwo/ui/src/main/webapp/js/utils/fetchUtils.js
FN:11,(anonymous_0)
FNF:1
FNH:1
FNDA:16,(anonymous_0)
DA:1,79
DA:2,79
DA:11,79
DA:24,16
DA:28,16
DA:29,16
DA:30,16
DA:31,16
DA:33,16
DA:34,7
DA:37,16
DA:41,16
DA:42,16
DA:45,16
DA:46,16
DA:49,16
DA:50,16
DA:53,16
DA:60,15
DA:61,1
DA:62,1
DA:65,15
DA:66,8
DA:68,15
LF:24
LH:24
BRDA:14,0,0,0
BRDA:15,1,0,0
BRDA:16,2,0,7
BRDA:17,3,0,14
BRDA:18,4,0,14
BRDA:21,5,0,9
BRDA:22,6,0,16
BRDA:23,7,0,16
BRDA:33,8,0,7
BRDA:33,8,1,9
BRDA:33,9,0,16
BRDA:33,9,1,14
BRDA:41,10,0,16
BRDA:41,10,1,0
BRDA:45,11,0,16
BRDA:45,11,1,0
BRDA:49,12,0,16
BRDA:49,12,1,0
BRDA:61,13,0,1
BRDA:61,13,1,0
BRDA:65,14,0,8
BRDA:65,14,1,7
BRF:22
BRH:16
end_of_record
TN:
SF:/Users/girish.prajapati/MyDriveTwo/ui/src/main/webapp/js/utils/helpLinks.js
FNF:0
FNH:0
DA:4,1
LF:1
LH:1
BRF:0
BRH:0
end_of_record
TN:
SF:/Users/girish.prajapati/MyDriveTwo/ui/src/main/webapp/js/utils/iconHelpers.js
FN:88,(anonymous_0)
FNF:1
FNH:1
FNDA:33,(anonymous_0)
DA:2,13
DA:3,13
DA:5,13
DA:24,13
DA:43,13
DA:66,13
DA:88,33
LF:7
LH:7
BRF:0
BRH:0
end_of_record
TN:
SF:/Users/girish.prajapati/MyDriveTwo/ui/src/main/webapp/js/utils/kibanaUtils.js
FN:2,(anonymous_0)
FNF:1
FNH:1
FNDA:6,(anonymous_0)
DA:2,8
DA:3,6
DA:5,6
DA:7,6
DA:8,4
DA:9,4
DA:10,4
DA:11,4
DA:12,4
DA:13,4
DA:15,4
DA:18,6
LF:12
LH:12
BRDA:7,0,0,4
BRDA:7,0,1,2
BRDA:7,1,0,6
BRDA:7,1,1,5
BRF:4
BRH:4
end_of_record
TN:
SF:/Users/girish.prajapati/MyDriveTwo/ui/src/main/webapp/js/utils/routeHelpers.js
FN:52,(anonymous_0)
FN:58,(anonymous_1)
FN:59,(anonymous_2)
FN:62,(anonymous_3)
FN:63,(anonymous_4)
FN:64,(anonymous_5)
FN:65,(anonymous_6)
FN:66,(anonymous_7)
FN:67,(anonymous_8)
FN:68,(anonymous_9)
FN:69,(anonymous_10)
FN:70,(anonymous_11)
FN:71,(anonymous_12)
FN:72,(anonymous_13)
FN:73,(anonymous_14)
FN:74,(anonymous_15)
FN:75,(anonymous_16)
FN:76,(anonymous_17)
FN:77,(anonymous_18)
FN:78,(anonymous_19)
FN:79,(anonymous_20)
FN:80,(anonymous_21)
FN:81,(anonymous_22)
FN:82,(anonymous_23)
FN:83,(anonymous_24)
FN:94,(anonymous_25)
FN:103,(anonymous_26)
FNF:27
FNH:18
FNDA:17,(anonymous_0)
FNDA:15,(anonymous_1)
FNDA:1,(anonymous_2)
FNDA:0,(anonymous_3)
FNDA:1,(anonymous_4)
FNDA:1,(anonymous_5)
FNDA:1,(anonymous_6)
FNDA:3,(anonymous_7)
FNDA:1,(anonymous_8)
FNDA:0,(anonymous_9)
FNDA:1,(anonymous_10)
FNDA:2,(anonymous_11)
FNDA:1,(anonymous_12)
FNDA:0,(anonymous_13)
FNDA:1,(anonymous_14)
FNDA:0,(anonymous_15)
FNDA:0,(anonymous_16)
FNDA:0,(anonymous_17)
FNDA:1,(anonymous_18)
FNDA:0,(anonymous_19)
FNDA:1,(anonymous_20)
FNDA:0,(anonymous_21)
FNDA:1,(anonymous_22)
FNDA:1,(anonymous_23)
FNDA:1,(anonymous_24)
FNDA:17,(anonymous_25)
FNDA:0,(anonymous_26)
DA:4,80
DA:29,80
DA:50,80
DA:52,80
DA:53,17
DA:54,17
DA:55,17
DA:58,80
DA:59,80
DA:61,80
DA:62,0
DA:63,1
DA:64,1
DA:65,1
DA:66,3
DA:67,1
DA:68,0
DA:69,1
DA:70,2
DA:71,1
DA:72,0
DA:73,1
DA:74,0
DA:75,0
DA:76,0
DA:77,1
DA:78,0
DA:79,1
DA:80,0
DA:81,1
DA:82,1
DA:83,1
DA:86,80
DA:93,80
DA:94,80
DA:95,17
DA:96,17
DA:97,17
DA:98,17
DA:99,17
DA:103,80
LF:41
LH:33
BRDA:53,0,0,17
BRDA:53,0,1,0
BRDA:54,1,0,3
BRDA:54,2,0,3
BRDA:96,3,0,0
BRDA:98,4,0,17
BRDA:98,4,1,0
BRF:7
BRH:4
end_of_record
TN:
SF:/Users/girish.prajapati/MyDriveTwo/ui/src/main/webapp/js/utils/__tests__/amplitudeUtils.tests.js
FNF:0
FNH:0
LF:0
LH:0
BRF:0
BRH:0
end_of_record
TN:
SF:/Users/girish.prajapati/MyDriveTwo/ui/src/main/webapp/js/utils/grid/camelize.js
FN:1,(anonymous_0)
FN:1,(anonymous_1)
FNF:2
FNH:2
FNDA:5,(anonymous_0)
FNDA:15,(anonymous_1)
DA:1,15
LF:1
LH:1
BRDA:1,0,0,5
BRDA:1,0,1,10
BRF:2
BRH:2
end_of_record
TN:
SF:/Users/girish.prajapati/MyDriveTwo/ui/src/main/webapp/js/utils/grid/getData.js
FN:3,(anonymous_0)
FNF:1
FNH:1
FNDA:5,(anonymous_0)
DA:3,1
DA:4,5
DA:5,2
DA:7,3
DA:8,1
DA:10,2
DA:11,1
DA:13,1
DA:14,1
LF:9
LH:9
BRDA:4,0,0,2
BRDA:4,0,1,3
BRDA:7,1,0,1
BRDA:7,1,1,2
BRDA:10,2,0,1
BRDA:10,2,1,1
BRDA:13,3,0,1
BRDA:13,3,1,0
BRF:8
BRH:7
end_of_record
TN:
SF:/Users/girish.prajapati/MyDriveTwo/ui/src/main/webapp/js/utils/grid/stateGetter.js
FN:11,(anonymous_0)
FN:36,(anonymous_1)
FNF:2
FNH:2
FNDA:18,(anonymous_0)
FNDA:18,(anonymous_1)
DA:11,1
DA:12,18
DA:13,11
DA:14,6
DA:15,6
DA:18,6
DA:19,5
DA:22,5
DA:23,5
DA:27,7
DA:29,7
DA:30,4
DA:33,3
DA:36,1
DA:37,18
DA:38,2
DA:41,16
DA:42,16
DA:46,16
DA:47,6
DA:50,10
DA:52,10
LF:22
LH:22
BRDA:12,0,0,11
BRDA:12,0,1,7
BRDA:12,1,0,18
BRDA:12,1,1,17
BRDA:13,2,0,6
BRDA:13,2,1,5
BRDA:15,3,0,2
BRDA:15,3,1,4
BRDA:19,4,0,5
BRDA:19,4,1,0
BRDA:19,5,0,5
BRDA:19,5,1,5
BRDA:19,5,2,5
BRDA:29,6,0,4
BRDA:29,6,1,3
BRDA:37,7,0,2
BRDA:37,7,1,16
BRDA:42,8,0,2
BRDA:42,8,1,14
BRDA:46,9,0,6
BRDA:46,9,1,10
BRDA:52,10,0,8
BRDA:52,10,1,2
BRF:23
BRH:22
end_of_record
